edge_cnt: 8248158
>>> largest_volume_node: 4979 us
>>> get_unweighted_distance_bfs: 492641 us
>>> get_new_edges: 315911 us
>>> kruskal: 1747009 us
>>> rebuild_tree: 721772 us
>>> tarjan_lca: 2205931 us
>>> sort_off_tree_edges: 477383 us
>> size of buffer 0: 0
>> size of buffer 1: 0
>> size of buffer 2: 0
>> size of buffer 3: 0
>> size of buffer 4: 0
>> size of buffer 5: 0
>> size of buffer 6: 0
>> size of buffer 7: 0
>> size of buffer 8: 0
>> size of buffer 9: 0
>> size of buffer 10: 0
>> size of buffer 11: 0
>> size of buffer 12: 0
>> size of buffer 13: 0
>> size of buffer 14: 0
>> size of buffer 15: 0
>> size of buffer 16: 0
>> size of buffer 17: 0
>> size of buffer 18: 0
>> size of buffer 19: 0
>> size of buffer 20: 0
>> size of buffer 21: 0
>> size of buffer 22: 0
>> size of buffer 23: 0
>> size of buffer 24: 0
>> size of buffer 25: 0
>> size of buffer 26: 0
>> size of buffer 27: 0
>> size of buffer 28: 0
>> size of buffer 29: 0
>> size of buffer 30: 0
>> size of buffer 31: 0
>> size of buffer 0: 0
>> size of buffer 1: 0
>> size of buffer 2: 0
>> size of buffer 3: 0
>> size of buffer 4: 0
>> size of buffer 5: 0
>> size of buffer 6: 0
>> size of buffer 7: 0
>> size of buffer 8: 0
>> size of buffer 9: 0
>> size of buffer 10: 0
>> size of buffer 11: 0
>> size of buffer 12: 0
>> size of buffer 13: 0
>> size of buffer 14: 0
>> size of buffer 15: 0
>> size of buffer 16: 0
>> size of buffer 17: 0
>> size of buffer 18: 0
>> size of buffer 19: 0
>> size of buffer 20: 0
>> size of buffer 21: 0
>> size of buffer 22: 0
>> size of buffer 23: 0
>> size of buffer 24: 0
>> size of buffer 25: 0
>> size of buffer 26: 0
>> size of buffer 27: 0
>> size of buffer 28: 0
>> size of buffer 29: 0
>> size of buffer 30: 0
>> size of buffer 31: 0
>> size of buffer 0: 0
>> size of buffer 1: 0
>> size of buffer 2: 0
>> size of buffer 3: 0
>> size of buffer 4: 0
>> size of buffer 5: 0
>> size of buffer 6: 0
>> size of buffer 7: 0
>> size of buffer 8: 0
>> size of buffer 9: 0
>> size of buffer 10: 0
>> size of buffer 11: 0
>> size of buffer 12: 0
>> size of buffer 13: 0
>> size of buffer 14: 0
>> size of buffer 15: 0
>> size of buffer 16: 0
>> size of buffer 17: 0
>> size of buffer 18: 0
>> size of buffer 19: 0
>> size of buffer 20: 0
>> size of buffer 21: 0
>> size of buffer 22: 0
>> size of buffer 23: 0
>> size of buffer 24: 0
>> size of buffer 25: 0
>> size of buffer 26: 0
>> size of buffer 27: 0
>> size of buffer 28: 0
>> size of buffer 29: 0
>> size of buffer 30: 0
>> size of buffer 31: 0
>> size of buffer 0: 0
>> size of buffer 1: 0
>> size of buffer 2: 0
>> size of buffer 3: 0
>> size of buffer 4: 0
>> size of buffer 5: 0
>> size of buffer 6: 0
>> size of buffer 7: 0
>> size of buffer 8: 0
>> size of buffer 9: 0
>> size of buffer 10: 0
>> size of buffer 11: 0
>> size of buffer 12: 0
>> size of buffer 13: 0
>> size of buffer 14: 0
>> size of buffer 15: 0
>> size of buffer 16: 0
>> size of buffer 17: 0
>> size of buffer 18: 0
>> size of buffer 19: 0
>> size of buffer 20: 0
>> size of buffer 21: 0
>> size of buffer 22: 0
>> size of buffer 23: 0
>> size of buffer 24: 0
>> size of buffer 25: 0
>> size of buffer 26: 0
>> size of buffer 27: 0
>> size of buffer 28: 0
>> size of buffer 29: 0
>> size of buffer 30: 0
>> size of buffer 31: 0
>> size of buffer 0: 0
>> size of buffer 1: 0
>> size of buffer 2: 0
>> size of buffer 3: 0
>> size of buffer 4: 0
>> size of buffer 5: 0
>> size of buffer 6: 0
>> size of buffer 7: 0
>> size of buffer 8: 0
>> size of buffer 9: 0
>> size of buffer 10: 0
>> size of buffer 11: 0
>> size of buffer 12: 0
>> size of buffer 13: 0
>> size of buffer 14: 0
>> size of buffer 15: 0
>> size of buffer 16: 0
>> size of buffer 17: 0
>> size of buffer 18: 0
>> size of buffer 19: 0
>> size of buffer 20: 0
>> size of buffer 21: 0
>> size of buffer 22: 0
>> size of buffer 23: 0
>> size of buffer 24: 0
>> size of buffer 25: 0
>> size of buffer 26: 0
>> size of buffer 27: 0
>> size of buffer 28: 0
>> size of buffer 29: 0
>> size of buffer 30: 0
>> size of buffer 31: 0
>> size of buffer 0: 0
>> size of buffer 1: 0
>> size of buffer 2: 0
>> size of buffer 3: 0
>> size of buffer 4: 0
>> size of buffer 5: 0
>> size of buffer 6: 0
>> size of buffer 7: 0
>> size of buffer 8: 0
>> size of buffer 9: 0
>> size of buffer 10: 0
>> size of buffer 11: 0
>> size of buffer 12: 0
>> size of buffer 13: 0
>> size of buffer 14: 0
>> size of buffer 15: 0
>> size of buffer 16: 1
>> size of buffer 17: 1
>> size of buffer 18: 0
>> size of buffer 19: 1
>> size of buffer 20: 1
>> size of buffer 21: 1
>> size of buffer 22: 1
>> size of buffer 23: 1
>> size of buffer 24: 1
>> size of buffer 25: 1
>> size of buffer 26: 1
>> size of buffer 27: 1
>> size of buffer 28: 1
>> size of buffer 29: 0
>> size of buffer 30: 1
>> size of buffer 31: 0
>> size of buffer 0: 0
>> size of buffer 1: 0
>> size of buffer 2: 0
>> size of buffer 3: 0
>> size of buffer 4: 0
>> size of buffer 5: 0
>> size of buffer 6: 0
>> size of buffer 7: 0
>> size of buffer 8: 0
>> size of buffer 9: 0
>> size of buffer 10: 0
>> size of buffer 11: 0
>> size of buffer 12: 0
>> size of buffer 13: 0
>> size of buffer 14: 0
>> size of buffer 15: 1
>> size of buffer 16: 1
>> size of buffer 17: 1
>> size of buffer 18: 0
>> size of buffer 19: 1
>> size of buffer 20: 1
>> size of buffer 21: 1
>> size of buffer 22: 1
>> size of buffer 23: 1
>> size of buffer 24: 1
>> size of buffer 25: 1
>> size of buffer 26: 1
>> size of buffer 27: 1
>> size of buffer 28: 1
>> size of buffer 29: 1
>> size of buffer 30: 1
>> size of buffer 31: 1
>> size of buffer 0: 0
>> size of buffer 1: 0
>> size of buffer 2: 0
>> size of buffer 3: 0
>> size of buffer 4: 0
>> size of buffer 5: 0
>> size of buffer 6: 0
>> size of buffer 7: 0
>> size of buffer 8: 0
>> size of buffer 9: 0
>> size of buffer 10: 0
>> size of buffer 11: 0
>> size of buffer 12: 0
>> size of buffer 13: 0
>> size of buffer 14: 0
>> size of buffer 15: 1
>> size of buffer 16: 2
>> size of buffer 17: 1
>> size of buffer 18: 1
>> size of buffer 19: 2
>> size of buffer 20: 1
>> size of buffer 21: 1
>> size of buffer 22: 1
>> size of buffer 23: 1
>> size of buffer 24: 1
>> size of buffer 25: 2
>> size of buffer 26: 2
>> size of buffer 27: 2
>> size of buffer 28: 1
>> size of buffer 29: 1
>> size of buffer 30: 2
>> size of buffer 31: 1
>> size of buffer 0: 0
>> size of buffer 1: 0
>> size of buffer 2: 0
>> size of buffer 3: 0
>> size of buffer 4: 1
>> size of buffer 5: 1
>> size of buffer 6: 1
>> size of buffer 7: 1
>> size of buffer 8: 1
>> size of buffer 9: 1
>> size of buffer 10: 1
>> size of buffer 11: 1
>> size of buffer 12: 1
>> size of buffer 13: 1
>> size of buffer 14: 1
>> size of buffer 15: 1
>> size of buffer 16: 2
>> size of buffer 17: 2
>> size of buffer 18: 1
>> size of buffer 19: 2
>> size of buffer 20: 2
>> size of buffer 21: 2
>> size of buffer 22: 2
>> size of buffer 23: 2
>> size of buffer 24: 2
>> size of buffer 25: 2
>> size of buffer 26: 2
>> size of buffer 27: 2
>> size of buffer 28: 2
>> size of buffer 29: 2
>> size of buffer 30: 2
>> size of buffer 31: 1
>> size of buffer 0: 0
>> size of buffer 1: 0
>> size of buffer 2: 0
>> size of buffer 3: 0
>> size of buffer 4: 0
>> size of buffer 5: 0
>> size of buffer 6: 0
>> size of buffer 7: 0
>> size of buffer 8: 0
>> size of buffer 9: 0
>> size of buffer 10: 0
>> size of buffer 11: 0
>> size of buffer 12: 0
>> size of buffer 13: 0
>> size of buffer 14: 0
>> size of buffer 15: 3
>> size of buffer 16: 1
>> size of buffer 17: 1
>> size of buffer 18: 0
>> size of buffer 19: 1
>> size of buffer 20: 1
>> size of buffer 21: 1
>> size of buffer 22: 1
>> size of buffer 23: 1
>> size of buffer 24: 1
>> size of buffer 25: 1
>> size of buffer 26: 1
>> size of buffer 27: 1
>> size of buffer 28: 1
>> size of buffer 29: 1
>> size of buffer 30: 1
>> size of buffer 31: 0
>> size of buffer 0: 2
>> size of buffer 1: 1
>> size of buffer 2: 2
>> size of buffer 3: 0
>> size of buffer 4: 0
>> size of buffer 5: 3
>> size of buffer 6: 0
>> size of buffer 7: 3
>> size of buffer 8: 3
>> size of buffer 9: 3
>> size of buffer 10: 3
>> size of buffer 11: 3
>> size of buffer 12: 2
>> size of buffer 13: 0
>> size of buffer 14: 0
>> size of buffer 15: 5
>> size of buffer 16: 3
>> size of buffer 17: 2
>> size of buffer 18: 0
>> size of buffer 19: 2
>> size of buffer 20: 2
>> size of buffer 21: 3
>> size of buffer 22: 1
>> size of buffer 23: 1
>> size of buffer 24: 1
>> size of buffer 25: 1
>> size of buffer 26: 2
>> size of buffer 27: 1
>> size of buffer 28: 1
>> size of buffer 29: 1
>> size of buffer 30: 1
>> size of buffer 31: 0
>> size of buffer 0: 1
>> size of buffer 1: 0
>> size of buffer 2: 1
>> size of buffer 3: 1
>> size of buffer 4: 0
>> size of buffer 5: 2
>> size of buffer 6: 1
>> size of buffer 7: 1
>> size of buffer 8: 1
>> size of buffer 9: 1
>> size of buffer 10: 1
>> size of buffer 11: 1
>> size of buffer 12: 0
>> size of buffer 13: 1
>> size of buffer 14: 1
>> size of buffer 15: 3
>> size of buffer 16: 1
>> size of buffer 17: 0
>> size of buffer 18: 0
>> size of buffer 19: 0
>> size of buffer 20: 0
>> size of buffer 21: 1
>> size of buffer 22: 0
>> size of buffer 23: 0
>> size of buffer 24: 0
>> size of buffer 25: 0
>> size of buffer 26: 0
>> size of buffer 27: 0
>> size of buffer 28: 0
>> size of buffer 29: 0
>> size of buffer 30: 0
>> size of buffer 31: 0
>> size of buffer 0: 1
>> size of buffer 1: 0
>> size of buffer 2: 1
>> size of buffer 3: 1
>> size of buffer 4: 0
>> size of buffer 5: 2
>> size of buffer 6: 2
>> size of buffer 7: 2
>> size of buffer 8: 2
>> size of buffer 9: 1
>> size of buffer 10: 2
>> size of buffer 11: 2
>> size of buffer 12: 0
>> size of buffer 13: 2
>> size of buffer 14: 2
>> size of buffer 15: 3
>> size of buffer 16: 3
>> size of buffer 17: 0
>> size of buffer 18: 0
>> size of buffer 19: 1
>> size of buffer 20: 1
>> size of buffer 21: 5
>> size of buffer 22: 1
>> size of buffer 23: 0
>> size of buffer 24: 1
>> size of buffer 25: 0
>> size of buffer 26: 0
>> size of buffer 27: 0
>> size of buffer 28: 3
>> size of buffer 29: 0
>> size of buffer 30: 0
>> size of buffer 31: 0
>> size of buffer 0: 2
>> size of buffer 1: 1
>> size of buffer 2: 1
>> size of buffer 3: 1
>> size of buffer 4: 1
>> size of buffer 5: 2
>> size of buffer 6: 1
>> size of buffer 7: 1
>> size of buffer 8: 1
>> size of buffer 9: 1
>> size of buffer 10: 1
>> size of buffer 11: 1
>> size of buffer 12: 0
>> size of buffer 13: 1
>> size of buffer 14: 1
>> size of buffer 15: 4
>> size of buffer 16: 2
>> size of buffer 17: 0
>> size of buffer 18: 0
>> size of buffer 19: 1
>> size of buffer 20: 2
>> size of buffer 21: 5
>> size of buffer 22: 1
>> size of buffer 23: 1
>> size of buffer 24: 6
>> size of buffer 25: 1
>> size of buffer 26: 1
>> size of buffer 27: 1
>> size of buffer 28: 3
>> size of buffer 29: 3
>> size of buffer 30: 1
>> size of buffer 31: 0
>> size of buffer 0: 2
>> size of buffer 1: 1
>> size of buffer 2: 2
>> size of buffer 3: 2
>> size of buffer 4: 1
>> size of buffer 5: 2
>> size of buffer 6: 2
>> size of buffer 7: 2
>> size of buffer 8: 3
>> size of buffer 9: 2
>> size of buffer 10: 4
>> size of buffer 11: 2
>> size of buffer 12: 1
>> size of buffer 13: 2
>> size of buffer 14: 2
>> size of buffer 15: 4
>> size of buffer 16: 4
>> size of buffer 17: 1
>> size of buffer 18: 0
>> size of buffer 19: 6
>> size of buffer 20: 2
>> size of buffer 21: 7
>> size of buffer 22: 5
>> size of buffer 23: 1
>> size of buffer 24: 6
>> size of buffer 25: 4
>> size of buffer 26: 4
>> size of buffer 27: 2
>> size of buffer 28: 4
>> size of buffer 29: 4
>> size of buffer 30: 1
>> size of buffer 31: 1
>> size of buffer 0: 1
>> size of buffer 1: 3
>> size of buffer 2: 1
>> size of buffer 3: 1
>> size of buffer 4: 1
>> size of buffer 5: 1
>> size of buffer 6: 1
>> size of buffer 7: 2
>> size of buffer 8: 2
>> size of buffer 9: 1
>> size of buffer 10: 7
>> size of buffer 11: 1
>> size of buffer 12: 0
>> size of buffer 13: 1
>> size of buffer 14: 1
>> size of buffer 15: 7
>> size of buffer 16: 3
>> size of buffer 17: 0
>> size of buffer 18: 1
>> size of buffer 19: 4
>> size of buffer 20: 4
>> size of buffer 21: 7
>> size of buffer 22: 11
>> size of buffer 23: 1
>> size of buffer 24: 6
>> size of buffer 25: 2
>> size of buffer 26: 2
>> size of buffer 27: 2
>> size of buffer 28: 2
>> size of buffer 29: 3
>> size of buffer 30: 0
>> size of buffer 31: 0
>> size of buffer 0: 2
>> size of buffer 1: 2
>> size of buffer 2: 2
>> size of buffer 3: 2
>> size of buffer 4: 0
>> size of buffer 5: 2
>> size of buffer 6: 4
>> size of buffer 7: 1
>> size of buffer 8: 2
>> size of buffer 9: 2
>> size of buffer 10: 6
>> size of buffer 11: 2
>> size of buffer 12: 2
>> size of buffer 13: 3
>> size of buffer 14: 0
>> size of buffer 15: 9
>> size of buffer 16: 4
>> size of buffer 17: 7
>> size of buffer 18: 0
>> size of buffer 19: 4
>> size of buffer 20: 3
>> size of buffer 21: 10
>> size of buffer 22: 13
>> size of buffer 23: 0
>> size of buffer 24: 12
>> size of buffer 25: 5
>> size of buffer 26: 5
>> size of buffer 27: 1
>> size of buffer 28: 2
>> size of buffer 29: 2
>> size of buffer 30: 0
>> size of buffer 31: 1
>> size of buffer 0: 2
>> size of buffer 1: 9
>> size of buffer 2: 2
>> size of buffer 3: 2
>> size of buffer 4: 2
>> size of buffer 5: 3
>> size of buffer 6: 9
>> size of buffer 7: 1
>> size of buffer 8: 2
>> size of buffer 9: 3
>> size of buffer 10: 11
>> size of buffer 11: 2
>> size of buffer 12: 11
>> size of buffer 13: 3
>> size of buffer 14: 2
>> size of buffer 15: 9
>> size of buffer 16: 5
>> size of buffer 17: 7
>> size of buffer 18: 5
>> size of buffer 19: 4
>> size of buffer 20: 10
>> size of buffer 21: 10
>> size of buffer 22: 13
>> size of buffer 23: 1
>> size of buffer 24: 12
>> size of buffer 25: 10
>> size of buffer 26: 10
>> size of buffer 27: 3
>> size of buffer 28: 3
>> size of buffer 29: 8
>> size of buffer 30: 0
>> size of buffer 31: 1
>> size of buffer 0: 2
>> size of buffer 1: 10
>> size of buffer 2: 2
>> size of buffer 3: 2
>> size of buffer 4: 1
>> size of buffer 5: 2
>> size of buffer 6: 9
>> size of buffer 7: 1
>> size of buffer 8: 2
>> size of buffer 9: 2
>> size of buffer 10: 12
>> size of buffer 11: 2
>> size of buffer 12: 10
>> size of buffer 13: 9
>> size of buffer 14: 1
>> size of buffer 15: 9
>> size of buffer 16: 4
>> size of buffer 17: 9
>> size of buffer 18: 4
>> size of buffer 19: 9
>> size of buffer 20: 35
>> size of buffer 21: 11
>> size of buffer 22: 18
>> size of buffer 23: 0
>> size of buffer 24: 13
>> size of buffer 25: 10
>> size of buffer 26: 9
>> size of buffer 27: 4
>> size of buffer 28: 2
>> size of buffer 29: 7
>> size of buffer 30: 0
>> size of buffer 31: 8
>> size of buffer 0: 6
>> size of buffer 1: 9
>> size of buffer 2: 0
>> size of buffer 3: 4
>> size of buffer 4: 0
>> size of buffer 5: 6
>> size of buffer 6: 8
>> size of buffer 7: 0
>> size of buffer 8: 1
>> size of buffer 9: 12
>> size of buffer 10: 11
>> size of buffer 11: 9
>> size of buffer 12: 10
>> size of buffer 13: 8
>> size of buffer 14: 1
>> size of buffer 15: 8
>> size of buffer 16: 3
>> size of buffer 17: 8
>> size of buffer 18: 10
>> size of buffer 19: 9
>> size of buffer 20: 34
>> size of buffer 21: 11
>> size of buffer 22: 21
>> size of buffer 23: 8
>> size of buffer 24: 17
>> size of buffer 25: 11
>> size of buffer 26: 10
>> size of buffer 27: 8
>> size of buffer 28: 8
>> size of buffer 29: 8
>> size of buffer 30: 0
>> size of buffer 31: 8
>> size of buffer 0: 9
>> size of buffer 1: 9
>> size of buffer 2: 2
>> size of buffer 3: 6
>> size of buffer 4: 0
>> size of buffer 5: 8
>> size of buffer 6: 8
>> size of buffer 7: 8
>> size of buffer 8: 10
>> size of buffer 9: 16
>> size of buffer 10: 11
>> size of buffer 11: 8
>> size of buffer 12: 9
>> size of buffer 13: 7
>> size of buffer 14: 8
>> size of buffer 15: 8
>> size of buffer 16: 7
>> size of buffer 17: 7
>> size of buffer 18: 9
>> size of buffer 19: 8
>> size of buffer 20: 38
>> size of buffer 21: 16
>> size of buffer 22: 26
>> size of buffer 23: 9
>> size of buffer 24: 27
>> size of buffer 25: 10
>> size of buffer 26: 11
>> size of buffer 27: 9
>> size of buffer 28: 8
>> size of buffer 29: 7
>> size of buffer 30: 0
>> size of buffer 31: 9
>> size of buffer 0: 5
>> size of buffer 1: 5
>> size of buffer 2: 1
>> size of buffer 3: 3
>> size of buffer 4: 1
>> size of buffer 5: 5
>> size of buffer 6: 5
>> size of buffer 7: 3
>> size of buffer 8: 6
>> size of buffer 9: 11
>> size of buffer 10: 11
>> size of buffer 11: 4
>> size of buffer 12: 5
>> size of buffer 13: 11
>> size of buffer 14: 3
>> size of buffer 15: 3
>> size of buffer 16: 42
>> size of buffer 17: 3
>> size of buffer 18: 11
>> size of buffer 19: 19
>> size of buffer 20: 49
>> size of buffer 21: 46
>> size of buffer 22: 26
>> size of buffer 23: 5
>> size of buffer 24: 61
>> size of buffer 25: 11
>> size of buffer 26: 11
>> size of buffer 27: 4
>> size of buffer 28: 3
>> size of buffer 29: 4
>> size of buffer 30: 0
>> size of buffer 31: 4
>> size of buffer 0: 1
>> size of buffer 1: 8
>> size of buffer 2: 0
>> size of buffer 3: 0
>> size of buffer 4: 1
>> size of buffer 5: 2
>> size of buffer 6: 36
>> size of buffer 7: 1
>> size of buffer 8: 8
>> size of buffer 9: 61
>> size of buffer 10: 82
>> size of buffer 11: 50
>> size of buffer 12: 6
>> size of buffer 13: 8
>> size of buffer 14: 1
>> size of buffer 15: 42
>> size of buffer 16: 62
>> size of buffer 17: 8
>> size of buffer 18: 37
>> size of buffer 19: 53
>> size of buffer 20: 46
>> size of buffer 21: 46
>> size of buffer 22: 23
>> size of buffer 23: 2
>> size of buffer 24: 72
>> size of buffer 25: 43
>> size of buffer 26: 53
>> size of buffer 27: 7
>> size of buffer 28: 1
>> size of buffer 29: 1
>> size of buffer 30: 0
>> size of buffer 31: 7
>> size of buffer 0: 123
>> size of buffer 1: 35
>> size of buffer 2: 0
>> size of buffer 3: 85
>> size of buffer 4: 56
>> size of buffer 5: 99
>> size of buffer 6: 42
>> size of buffer 7: 0
>> size of buffer 8: 7
>> size of buffer 9: 61
>> size of buffer 10: 146
>> size of buffer 11: 83
>> size of buffer 12: 99
>> size of buffer 13: 49
>> size of buffer 14: 57
>> size of buffer 15: 49
>> size of buffer 16: 63
>> size of buffer 17: 49
>> size of buffer 18: 146
>> size of buffer 19: 119
>> size of buffer 20: 73
>> size of buffer 21: 83
>> size of buffer 22: 85
>> size of buffer 23: 62
>> size of buffer 24: 100
>> size of buffer 25: 69
>> size of buffer 26: 160
>> size of buffer 27: 88
>> size of buffer 28: 52
>> size of buffer 29: 52
>> size of buffer 30: 0
>> size of buffer 31: 174
>> size of buffer 0: 106
>> size of buffer 1: 0
>> size of buffer 2: 2
>> size of buffer 3: 128
>> size of buffer 4: 48
>> size of buffer 5: 169
>> size of buffer 6: 30
>> size of buffer 7: 62
>> size of buffer 8: 11
>> size of buffer 9: 47
>> size of buffer 10: 113
>> size of buffer 11: 53
>> size of buffer 12: 102
>> size of buffer 13: 33
>> size of buffer 14: 43
>> size of buffer 15: 11
>> size of buffer 16: 43
>> size of buffer 17: 76
>> size of buffer 18: 156
>> size of buffer 19: 108
>> size of buffer 20: 65
>> size of buffer 21: 60
>> size of buffer 22: 89
>> size of buffer 23: 47
>> size of buffer 24: 100
>> size of buffer 25: 45
>> size of buffer 26: 145
>> size of buffer 27: 68
>> size of buffer 28: 78
>> size of buffer 29: 165
>> size of buffer 30: 58
>> size of buffer 31: 162
>> size of buffer 0: 84
>> size of buffer 1: 8
>> size of buffer 2: 4
>> size of buffer 3: 116
>> size of buffer 4: 53
>> size of buffer 5: 121
>> size of buffer 6: 16
>> size of buffer 7: 18
>> size of buffer 8: 18
>> size of buffer 9: 16
>> size of buffer 10: 68
>> size of buffer 11: 9
>> size of buffer 12: 70
>> size of buffer 13: 24
>> size of buffer 14: 62
>> size of buffer 15: 0
>> size of buffer 16: 17
>> size of buffer 17: 29
>> size of buffer 18: 130
>> size of buffer 19: 68
>> size of buffer 20: 17
>> size of buffer 21: 24
>> size of buffer 22: 47
>> size of buffer 23: 101
>> size of buffer 24: 126
>> size of buffer 25: 0
>> size of buffer 26: 119
>> size of buffer 27: 45
>> size of buffer 28: 130
>> size of buffer 29: 131
>> size of buffer 30: 54
>> size of buffer 31: 116
>> size of buffer 0: 18
>> size of buffer 1: 55
>> size of buffer 2: 35
>> size of buffer 3: 95
>> size of buffer 4: 19
>> size of buffer 5: 55
>> size of buffer 6: 36
>> size of buffer 7: 34
>> size of buffer 8: 0
>> size of buffer 9: 91
>> size of buffer 10: 45
>> size of buffer 11: 20
>> size of buffer 12: 58
>> size of buffer 13: 49
>> size of buffer 14: 49
>> size of buffer 15: 15
>> size of buffer 16: 19
>> size of buffer 17: 55
>> size of buffer 18: 61
>> size of buffer 19: 54
>> size of buffer 20: 71
>> size of buffer 21: 18
>> size of buffer 22: 48
>> size of buffer 23: 44
>> size of buffer 24: 85
>> size of buffer 25: 49
>> size of buffer 26: 59
>> size of buffer 27: 41
>> size of buffer 28: 127
>> size of buffer 29: 93
>> size of buffer 30: 44
>> size of buffer 31: 60
>> size of buffer 0: 44
>> size of buffer 1: 72
>> size of buffer 2: 45
>> size of buffer 3: 57
>> size of buffer 4: 52
>> size of buffer 5: 48
>> size of buffer 6: 0
>> size of buffer 7: 50
>> size of buffer 8: 52
>> size of buffer 9: 78
>> size of buffer 10: 16
>> size of buffer 11: 16
>> size of buffer 12: 57
>> size of buffer 13: 60
>> size of buffer 14: 49
>> size of buffer 15: 77
>> size of buffer 16: 81
>> size of buffer 17: 17
>> size of buffer 18: 53
>> size of buffer 19: 6
>> size of buffer 20: 84
>> size of buffer 21: 42
>> size of buffer 22: 57
>> size of buffer 23: 44
>> size of buffer 24: 58
>> size of buffer 25: 5
>> size of buffer 26: 75
>> size of buffer 27: 50
>> size of buffer 28: 112
>> size of buffer 29: 73
>> size of buffer 30: 49
>> size of buffer 31: 14
>> size of buffer 0: 44
>> size of buffer 1: 26
>> size of buffer 2: 62
>> size of buffer 3: 13
>> size of buffer 4: 58
>> size of buffer 5: 38
>> size of buffer 6: 64
>> size of buffer 7: 75
>> size of buffer 8: 0
>> size of buffer 9: 38
>> size of buffer 10: 45
>> size of buffer 11: 13
>> size of buffer 12: 47
>> size of buffer 13: 79
>> size of buffer 14: 39
>> size of buffer 15: 7
>> size of buffer 16: 39
>> size of buffer 17: 19
>> size of buffer 18: 14
>> size of buffer 19: 3
>> size of buffer 20: 53
>> size of buffer 21: 15
>> size of buffer 22: 56
>> size of buffer 23: 47
>> size of buffer 24: 47
>> size of buffer 25: 7
>> size of buffer 26: 25
>> size of buffer 27: 52
>> size of buffer 28: 54
>> size of buffer 29: 13
>> size of buffer 30: 0
>> size of buffer 31: 10
>> size of buffer 0: 69
>> size of buffer 1: 21
>> size of buffer 2: 58
>> size of buffer 3: 44
>> size of buffer 4: 100
>> size of buffer 5: 54
>> size of buffer 6: 67
>> size of buffer 7: 76
>> size of buffer 8: 7
>> size of buffer 9: 35
>> size of buffer 10: 20
>> size of buffer 11: 0
>> size of buffer 12: 75
>> size of buffer 13: 90
>> size of buffer 14: 13
>> size of buffer 15: 48
>> size of buffer 16: 75
>> size of buffer 17: 58
>> size of buffer 18: 93
>> size of buffer 19: 30
>> size of buffer 20: 58
>> size of buffer 21: 44
>> size of buffer 22: 137
>> size of buffer 23: 115
>> size of buffer 24: 105
>> size of buffer 25: 45
>> size of buffer 26: 75
>> size of buffer 27: 49
>> size of buffer 28: 55
>> size of buffer 29: 43
>> size of buffer 30: 8
>> size of buffer 31: 22
>> size of buffer 0: 46
>> size of buffer 1: 19
>> size of buffer 2: 208
>> size of buffer 3: 141
>> size of buffer 4: 212
>> size of buffer 5: 47
>> size of buffer 6: 3
>> size of buffer 7: 74
>> size of buffer 8: 45
>> size of buffer 9: 117
>> size of buffer 10: 0
>> size of buffer 11: 31
>> size of buffer 12: 64
>> size of buffer 13: 38
>> size of buffer 14: 37
>> size of buffer 15: 46
>> size of buffer 16: 57
>> size of buffer 17: 52
>> size of buffer 18: 61
>> size of buffer 19: 17
>> size of buffer 20: 97
>> size of buffer 21: 77
>> size of buffer 22: 72
>> size of buffer 23: 148
>> size of buffer 24: 150
>> size of buffer 25: 130
>> size of buffer 26: 115
>> size of buffer 27: 26
>> size of buffer 28: 10
>> size of buffer 29: 14
>> size of buffer 30: 30
>> size of buffer 31: 9
>> size of buffer 0: 136
>> size of buffer 1: 148
>> size of buffer 2: 105
>> size of buffer 3: 143
>> size of buffer 4: 320
>> size of buffer 5: 205
>> size of buffer 6: 125
>> size of buffer 7: 207
>> size of buffer 8: 102
>> size of buffer 9: 145
>> size of buffer 10: 173
>> size of buffer 11: 91
>> size of buffer 12: 34
>> size of buffer 13: 79
>> size of buffer 14: 109
>> size of buffer 15: 61
>> size of buffer 16: 20
>> size of buffer 17: 177
>> size of buffer 18: 0
>> size of buffer 19: 71
>> size of buffer 20: 74
>> size of buffer 21: 167
>> size of buffer 22: 128
>> size of buffer 23: 131
>> size of buffer 24: 176
>> size of buffer 25: 183
>> size of buffer 26: 291
>> size of buffer 27: 106
>> size of buffer 28: 142
>> size of buffer 29: 177
>> size of buffer 30: 141
>> size of buffer 31: 186
>> size of buffer 0: 223
>> size of buffer 1: 143
>> size of buffer 2: 75
>> size of buffer 3: 141
>> size of buffer 4: 333
>> size of buffer 5: 188
>> size of buffer 6: 123
>> size of buffer 7: 306
>> size of buffer 8: 0
>> size of buffer 9: 239
>> size of buffer 10: 358
>> size of buffer 11: 187
>> size of buffer 12: 257
>> size of buffer 13: 348
>> size of buffer 14: 345
>> size of buffer 15: 177
>> size of buffer 16: 163
>> size of buffer 17: 210
>> size of buffer 18: 37
>> size of buffer 19: 150
>> size of buffer 20: 121
>> size of buffer 21: 174
>> size of buffer 22: 503
>> size of buffer 23: 152
>> size of buffer 24: 241
>> size of buffer 25: 140
>> size of buffer 26: 171
>> size of buffer 27: 156
>> size of buffer 28: 171
>> size of buffer 29: 199
>> size of buffer 30: 225
>> size of buffer 31: 102
>> size of buffer 0: 75
>> size of buffer 1: 107
>> size of buffer 2: 122
>> size of buffer 3: 92
>> size of buffer 4: 98
>> size of buffer 5: 95
>> size of buffer 6: 110
>> size of buffer 7: 17
>> size of buffer 8: 116
>> size of buffer 9: 100
>> size of buffer 10: 100
>> size of buffer 11: 103
>> size of buffer 12: 211
>> size of buffer 13: 70
>> size of buffer 14: 134
>> size of buffer 15: 0
>> size of buffer 16: 76
>> size of buffer 17: 140
>> size of buffer 18: 103
>> size of buffer 19: 34
>> size of buffer 20: 79
>> size of buffer 21: 24
>> size of buffer 22: 141
>> size of buffer 23: 34
>> size of buffer 24: 81
>> size of buffer 25: 107
>> size of buffer 26: 57
>> size of buffer 27: 76
>> size of buffer 28: 85
>> size of buffer 29: 49
>> size of buffer 30: 105
>> size of buffer 31: 178
>> size of buffer 0: 250
>> size of buffer 1: 278
>> size of buffer 2: 216
>> size of buffer 3: 258
>> size of buffer 4: 195
>> size of buffer 5: 232
>> size of buffer 6: 206
>> size of buffer 7: 160
>> size of buffer 8: 196
>> size of buffer 9: 255
>> size of buffer 10: 245
>> size of buffer 11: 234
>> size of buffer 12: 195
>> size of buffer 13: 212
>> size of buffer 14: 286
>> size of buffer 15: 211
>> size of buffer 16: 199
>> size of buffer 17: 216
>> size of buffer 18: 243
>> size of buffer 19: 115
>> size of buffer 20: 261
>> size of buffer 21: 305
>> size of buffer 22: 218
>> size of buffer 23: 239
>> size of buffer 24: 270
>> size of buffer 25: 171
>> size of buffer 26: 211
>> size of buffer 27: 187
>> size of buffer 28: 243
>> size of buffer 29: 261
>> size of buffer 30: 0
>> size of buffer 31: 234
>> size of buffer 0: 50
>> size of buffer 1: 227
>> size of buffer 2: 173
>> size of buffer 3: 205
>> size of buffer 4: 208
>> size of buffer 5: 191
>> size of buffer 6: 60
>> size of buffer 7: 112
>> size of buffer 8: 55
>> size of buffer 9: 171
>> size of buffer 10: 178
>> size of buffer 11: 158
>> size of buffer 12: 117
>> size of buffer 13: 147
>> size of buffer 14: 131
>> size of buffer 15: 0
>> size of buffer 16: 97
>> size of buffer 17: 74
>> size of buffer 18: 125
>> size of buffer 19: 0
>> size of buffer 20: 113
>> size of buffer 21: 121
>> size of buffer 22: 62
>> size of buffer 23: 116
>> size of buffer 24: 103
>> size of buffer 25: 87
>> size of buffer 26: 108
>> size of buffer 27: 117
>> size of buffer 28: 95
>> size of buffer 29: 33
>> size of buffer 30: 190
>> size of buffer 31: 145
>> size of buffer 0: 801
>> size of buffer 1: 870
>> size of buffer 2: 586
>> size of buffer 3: 852
>> size of buffer 4: 910
>> size of buffer 5: 857
>> size of buffer 6: 774
>> size of buffer 7: 736
>> size of buffer 8: 855
>> size of buffer 9: 714
>> size of buffer 10: 849
>> size of buffer 11: 758
>> size of buffer 12: 909
>> size of buffer 13: 803
>> size of buffer 14: 785
>> size of buffer 15: 44
>> size of buffer 16: 734
>> size of buffer 17: 850
>> size of buffer 18: 740
>> size of buffer 19: 34
>> size of buffer 20: 768
>> size of buffer 21: 913
>> size of buffer 22: 782
>> size of buffer 23: 909
>> size of buffer 24: 838
>> size of buffer 25: 767
>> size of buffer 26: 812
>> size of buffer 27: 791
>> size of buffer 28: 913
>> size of buffer 29: 824
>> size of buffer 30: 713
>> size of buffer 31: 0
>>> add_off_tree_edges: 2808898 us
Using time : 8774.578000 ms
