edge_cnt: 8248158
>>> largest_volume_node: 4749 us
>>> get_unweighted_distance_bfs: 466333 us
>>> get_new_edges: 313188 us
>>> kruskal: 1708917 us
>>> rebuild_tree: 689886 us
>>> tarjan_lca: 2143385 us
>>> sort_off_tree_edges: 480074 us
>> size of buffer 0: 0
>> size of buffer 1: 0
>> size of buffer 2: 0
>> size of buffer 3: 0
>> size of buffer 4: 0
>> size of buffer 5: 0
>> size of buffer 6: 0
>> size of buffer 7: 0
>> size of buffer 8: 0
>> size of buffer 9: 0
>> size of buffer 10: 0
>> size of buffer 11: 0
>> size of buffer 12: 0
>> size of buffer 13: 0
>> size of buffer 14: 0
>> size of buffer 15: 0
>> size of buffer 16: 0
>> size of buffer 17: 0
>> size of buffer 18: 0
>> size of buffer 19: 0
>> size of buffer 20: 0
>> size of buffer 21: 0
>> size of buffer 22: 0
>> size of buffer 23: 0
>> size of buffer 24: 0
>> size of buffer 25: 0
>> size of buffer 26: 0
>> size of buffer 27: 0
>> size of buffer 28: 0
>> size of buffer 29: 0
>> size of buffer 30: 0
>> size of buffer 31: 0
>> size of buffer 32: 0
>> size of buffer 33: 0
>> size of buffer 34: 0
>> size of buffer 35: 0
>> size of buffer 36: 0
>> size of buffer 37: 0
>> size of buffer 38: 0
>> size of buffer 39: 0
>> size of buffer 40: 0
>> size of buffer 41: 0
>> size of buffer 42: 0
>> size of buffer 43: 0
>> size of buffer 44: 0
>> size of buffer 45: 0
>> size of buffer 46: 0
>> size of buffer 47: 0
>> size of buffer 48: 0
>> size of buffer 49: 0
>> size of buffer 50: 0
>> size of buffer 51: 0
>> size of buffer 52: 0
>> size of buffer 53: 0
>> size of buffer 54: 0
>> size of buffer 55: 0
>> size of buffer 56: 0
>> size of buffer 57: 0
>> size of buffer 58: 0
>> size of buffer 59: 0
>> size of buffer 60: 0
>> size of buffer 61: 0
>> size of buffer 62: 0
>> size of buffer 63: 0
>> size of buffer 0: 0
>> size of buffer 1: 0
>> size of buffer 2: 0
>> size of buffer 3: 0
>> size of buffer 4: 0
>> size of buffer 5: 0
>> size of buffer 6: 0
>> size of buffer 7: 0
>> size of buffer 8: 0
>> size of buffer 9: 0
>> size of buffer 10: 0
>> size of buffer 11: 0
>> size of buffer 12: 0
>> size of buffer 13: 0
>> size of buffer 14: 0
>> size of buffer 15: 0
>> size of buffer 16: 0
>> size of buffer 17: 0
>> size of buffer 18: 0
>> size of buffer 19: 0
>> size of buffer 20: 0
>> size of buffer 21: 0
>> size of buffer 22: 0
>> size of buffer 23: 0
>> size of buffer 24: 0
>> size of buffer 25: 0
>> size of buffer 26: 0
>> size of buffer 27: 0
>> size of buffer 28: 0
>> size of buffer 29: 0
>> size of buffer 30: 0
>> size of buffer 31: 0
>> size of buffer 32: 0
>> size of buffer 33: 0
>> size of buffer 34: 0
>> size of buffer 35: 0
>> size of buffer 36: 0
>> size of buffer 37: 0
>> size of buffer 38: 0
>> size of buffer 39: 0
>> size of buffer 40: 0
>> size of buffer 41: 0
>> size of buffer 42: 0
>> size of buffer 43: 0
>> size of buffer 44: 0
>> size of buffer 45: 0
>> size of buffer 46: 0
>> size of buffer 47: 0
>> size of buffer 48: 0
>> size of buffer 49: 0
>> size of buffer 50: 0
>> size of buffer 51: 0
>> size of buffer 52: 0
>> size of buffer 53: 0
>> size of buffer 54: 0
>> size of buffer 55: 0
>> size of buffer 56: 0
>> size of buffer 57: 0
>> size of buffer 58: 0
>> size of buffer 59: 0
>> size of buffer 60: 0
>> size of buffer 61: 0
>> size of buffer 62: 0
>> size of buffer 63: 0
>> size of buffer 0: 0
>> size of buffer 1: 0
>> size of buffer 2: 0
>> size of buffer 3: 0
>> size of buffer 4: 0
>> size of buffer 5: 0
>> size of buffer 6: 0
>> size of buffer 7: 0
>> size of buffer 8: 0
>> size of buffer 9: 0
>> size of buffer 10: 0
>> size of buffer 11: 0
>> size of buffer 12: 0
>> size of buffer 13: 0
>> size of buffer 14: 0
>> size of buffer 15: 0
>> size of buffer 16: 0
>> size of buffer 17: 0
>> size of buffer 18: 0
>> size of buffer 19: 0
>> size of buffer 20: 0
>> size of buffer 21: 0
>> size of buffer 22: 0
>> size of buffer 23: 0
>> size of buffer 24: 0
>> size of buffer 25: 0
>> size of buffer 26: 0
>> size of buffer 27: 0
>> size of buffer 28: 0
>> size of buffer 29: 0
>> size of buffer 30: 0
>> size of buffer 31: 0
>> size of buffer 32: 0
>> size of buffer 33: 0
>> size of buffer 34: 0
>> size of buffer 35: 0
>> size of buffer 36: 0
>> size of buffer 37: 0
>> size of buffer 38: 0
>> size of buffer 39: 0
>> size of buffer 40: 0
>> size of buffer 41: 0
>> size of buffer 42: 0
>> size of buffer 43: 0
>> size of buffer 44: 0
>> size of buffer 45: 0
>> size of buffer 46: 0
>> size of buffer 47: 0
>> size of buffer 48: 0
>> size of buffer 49: 0
>> size of buffer 50: 0
>> size of buffer 51: 0
>> size of buffer 52: 0
>> size of buffer 53: 0
>> size of buffer 54: 0
>> size of buffer 55: 0
>> size of buffer 56: 0
>> size of buffer 57: 0
>> size of buffer 58: 0
>> size of buffer 59: 0
>> size of buffer 60: 0
>> size of buffer 61: 0
>> size of buffer 62: 0
>> size of buffer 63: 0
>> size of buffer 0: 0
>> size of buffer 1: 0
>> size of buffer 2: 0
>> size of buffer 3: 0
>> size of buffer 4: 0
>> size of buffer 5: 0
>> size of buffer 6: 0
>> size of buffer 7: 0
>> size of buffer 8: 0
>> size of buffer 9: 0
>> size of buffer 10: 0
>> size of buffer 11: 0
>> size of buffer 12: 0
>> size of buffer 13: 0
>> size of buffer 14: 0
>> size of buffer 15: 0
>> size of buffer 16: 0
>> size of buffer 17: 0
>> size of buffer 18: 0
>> size of buffer 19: 0
>> size of buffer 20: 0
>> size of buffer 21: 0
>> size of buffer 22: 0
>> size of buffer 23: 0
>> size of buffer 24: 0
>> size of buffer 25: 0
>> size of buffer 26: 0
>> size of buffer 27: 0
>> size of buffer 28: 0
>> size of buffer 29: 0
>> size of buffer 30: 0
>> size of buffer 31: 0
>> size of buffer 32: 0
>> size of buffer 33: 0
>> size of buffer 34: 0
>> size of buffer 35: 0
>> size of buffer 36: 0
>> size of buffer 37: 0
>> size of buffer 38: 0
>> size of buffer 39: 0
>> size of buffer 40: 0
>> size of buffer 41: 0
>> size of buffer 42: 0
>> size of buffer 43: 0
>> size of buffer 44: 0
>> size of buffer 45: 0
>> size of buffer 46: 0
>> size of buffer 47: 0
>> size of buffer 48: 0
>> size of buffer 49: 0
>> size of buffer 50: 0
>> size of buffer 51: 0
>> size of buffer 52: 0
>> size of buffer 53: 0
>> size of buffer 54: 0
>> size of buffer 55: 0
>> size of buffer 56: 0
>> size of buffer 57: 0
>> size of buffer 58: 0
>> size of buffer 59: 0
>> size of buffer 60: 0
>> size of buffer 61: 0
>> size of buffer 62: 0
>> size of buffer 63: 0
>> size of buffer 0: 0
>> size of buffer 1: 0
>> size of buffer 2: 0
>> size of buffer 3: 0
>> size of buffer 4: 0
>> size of buffer 5: 0
>> size of buffer 6: 0
>> size of buffer 7: 0
>> size of buffer 8: 0
>> size of buffer 9: 0
>> size of buffer 10: 0
>> size of buffer 11: 0
>> size of buffer 12: 0
>> size of buffer 13: 0
>> size of buffer 14: 0
>> size of buffer 15: 0
>> size of buffer 16: 0
>> size of buffer 17: 0
>> size of buffer 18: 0
>> size of buffer 19: 0
>> size of buffer 20: 0
>> size of buffer 21: 0
>> size of buffer 22: 0
>> size of buffer 23: 0
>> size of buffer 24: 0
>> size of buffer 25: 0
>> size of buffer 26: 0
>> size of buffer 27: 0
>> size of buffer 28: 0
>> size of buffer 29: 0
>> size of buffer 30: 0
>> size of buffer 31: 0
>> size of buffer 32: 0
>> size of buffer 33: 0
>> size of buffer 34: 0
>> size of buffer 35: 0
>> size of buffer 36: 0
>> size of buffer 37: 0
>> size of buffer 38: 0
>> size of buffer 39: 0
>> size of buffer 40: 0
>> size of buffer 41: 0
>> size of buffer 42: 0
>> size of buffer 43: 0
>> size of buffer 44: 0
>> size of buffer 45: 0
>> size of buffer 46: 0
>> size of buffer 47: 0
>> size of buffer 48: 0
>> size of buffer 49: 0
>> size of buffer 50: 0
>> size of buffer 51: 0
>> size of buffer 52: 0
>> size of buffer 53: 0
>> size of buffer 54: 0
>> size of buffer 55: 0
>> size of buffer 56: 0
>> size of buffer 57: 0
>> size of buffer 58: 0
>> size of buffer 59: 0
>> size of buffer 60: 0
>> size of buffer 61: 0
>> size of buffer 62: 0
>> size of buffer 63: 0
>> size of buffer 0: 0
>> size of buffer 1: 0
>> size of buffer 2: 0
>> size of buffer 3: 0
>> size of buffer 4: 0
>> size of buffer 5: 0
>> size of buffer 6: 0
>> size of buffer 7: 0
>> size of buffer 8: 0
>> size of buffer 9: 0
>> size of buffer 10: 0
>> size of buffer 11: 0
>> size of buffer 12: 0
>> size of buffer 13: 0
>> size of buffer 14: 0
>> size of buffer 15: 0
>> size of buffer 16: 0
>> size of buffer 17: 0
>> size of buffer 18: 0
>> size of buffer 19: 0
>> size of buffer 20: 0
>> size of buffer 21: 0
>> size of buffer 22: 0
>> size of buffer 23: 0
>> size of buffer 24: 0
>> size of buffer 25: 0
>> size of buffer 26: 0
>> size of buffer 27: 0
>> size of buffer 28: 0
>> size of buffer 29: 0
>> size of buffer 30: 0
>> size of buffer 31: 0
>> size of buffer 32: 0
>> size of buffer 33: 0
>> size of buffer 34: 0
>> size of buffer 35: 0
>> size of buffer 36: 0
>> size of buffer 37: 0
>> size of buffer 38: 0
>> size of buffer 39: 0
>> size of buffer 40: 0
>> size of buffer 41: 0
>> size of buffer 42: 0
>> size of buffer 43: 0
>> size of buffer 44: 0
>> size of buffer 45: 0
>> size of buffer 46: 0
>> size of buffer 47: 0
>> size of buffer 48: 0
>> size of buffer 49: 0
>> size of buffer 50: 0
>> size of buffer 51: 0
>> size of buffer 52: 0
>> size of buffer 53: 0
>> size of buffer 54: 0
>> size of buffer 55: 0
>> size of buffer 56: 0
>> size of buffer 57: 0
>> size of buffer 58: 0
>> size of buffer 59: 0
>> size of buffer 60: 0
>> size of buffer 61: 0
>> size of buffer 62: 0
>> size of buffer 63: 0
>> size of buffer 0: 0
>> size of buffer 1: 0
>> size of buffer 2: 0
>> size of buffer 3: 0
>> size of buffer 4: 0
>> size of buffer 5: 0
>> size of buffer 6: 0
>> size of buffer 7: 0
>> size of buffer 8: 0
>> size of buffer 9: 0
>> size of buffer 10: 0
>> size of buffer 11: 0
>> size of buffer 12: 0
>> size of buffer 13: 0
>> size of buffer 14: 0
>> size of buffer 15: 0
>> size of buffer 16: 0
>> size of buffer 17: 0
>> size of buffer 18: 0
>> size of buffer 19: 0
>> size of buffer 20: 0
>> size of buffer 21: 0
>> size of buffer 22: 0
>> size of buffer 23: 0
>> size of buffer 24: 0
>> size of buffer 25: 0
>> size of buffer 26: 0
>> size of buffer 27: 0
>> size of buffer 28: 0
>> size of buffer 29: 0
>> size of buffer 30: 0
>> size of buffer 31: 0
>> size of buffer 32: 0
>> size of buffer 33: 0
>> size of buffer 34: 0
>> size of buffer 35: 0
>> size of buffer 36: 0
>> size of buffer 37: 0
>> size of buffer 38: 0
>> size of buffer 39: 0
>> size of buffer 40: 0
>> size of buffer 41: 0
>> size of buffer 42: 0
>> size of buffer 43: 0
>> size of buffer 44: 0
>> size of buffer 45: 0
>> size of buffer 46: 0
>> size of buffer 47: 0
>> size of buffer 48: 1
>> size of buffer 49: 0
>> size of buffer 50: 0
>> size of buffer 51: 0
>> size of buffer 52: 0
>> size of buffer 53: 0
>> size of buffer 54: 0
>> size of buffer 55: 0
>> size of buffer 56: 0
>> size of buffer 57: 0
>> size of buffer 58: 0
>> size of buffer 59: 0
>> size of buffer 60: 0
>> size of buffer 61: 0
>> size of buffer 62: 0
>> size of buffer 63: 0
>> size of buffer 0: 0
>> size of buffer 1: 0
>> size of buffer 2: 0
>> size of buffer 3: 0
>> size of buffer 4: 0
>> size of buffer 5: 0
>> size of buffer 6: 0
>> size of buffer 7: 0
>> size of buffer 8: 0
>> size of buffer 9: 0
>> size of buffer 10: 0
>> size of buffer 11: 0
>> size of buffer 12: 0
>> size of buffer 13: 0
>> size of buffer 14: 0
>> size of buffer 15: 0
>> size of buffer 16: 0
>> size of buffer 17: 0
>> size of buffer 18: 0
>> size of buffer 19: 0
>> size of buffer 20: 1
>> size of buffer 21: 0
>> size of buffer 22: 0
>> size of buffer 23: 0
>> size of buffer 24: 0
>> size of buffer 25: 0
>> size of buffer 26: 0
>> size of buffer 27: 1
>> size of buffer 28: 0
>> size of buffer 29: 0
>> size of buffer 30: 0
>> size of buffer 31: 0
>> size of buffer 32: 0
>> size of buffer 33: 0
>> size of buffer 34: 0
>> size of buffer 35: 0
>> size of buffer 36: 0
>> size of buffer 37: 0
>> size of buffer 38: 0
>> size of buffer 39: 0
>> size of buffer 40: 0
>> size of buffer 41: 0
>> size of buffer 42: 0
>> size of buffer 43: 0
>> size of buffer 44: 0
>> size of buffer 45: 0
>> size of buffer 46: 0
>> size of buffer 47: 0
>> size of buffer 48: 1
>> size of buffer 49: 0
>> size of buffer 50: 0
>> size of buffer 51: 0
>> size of buffer 52: 0
>> size of buffer 53: 0
>> size of buffer 54: 0
>> size of buffer 55: 0
>> size of buffer 56: 0
>> size of buffer 57: 0
>> size of buffer 58: 0
>> size of buffer 59: 0
>> size of buffer 60: 0
>> size of buffer 61: 0
>> size of buffer 62: 0
>> size of buffer 63: 0
>> size of buffer 0: 0
>> size of buffer 1: 0
>> size of buffer 2: 0
>> size of buffer 3: 0
>> size of buffer 4: 0
>> size of buffer 5: 0
>> size of buffer 6: 0
>> size of buffer 7: 0
>> size of buffer 8: 0
>> size of buffer 9: 0
>> size of buffer 10: 0
>> size of buffer 11: 0
>> size of buffer 12: 0
>> size of buffer 13: 0
>> size of buffer 14: 0
>> size of buffer 15: 0
>> size of buffer 16: 0
>> size of buffer 17: 0
>> size of buffer 18: 0
>> size of buffer 19: 0
>> size of buffer 20: 1
>> size of buffer 21: 0
>> size of buffer 22: 0
>> size of buffer 23: 0
>> size of buffer 24: 0
>> size of buffer 25: 0
>> size of buffer 26: 0
>> size of buffer 27: 1
>> size of buffer 28: 0
>> size of buffer 29: 0
>> size of buffer 30: 0
>> size of buffer 31: 1
>> size of buffer 32: 1
>> size of buffer 33: 1
>> size of buffer 34: 1
>> size of buffer 35: 1
>> size of buffer 36: 0
>> size of buffer 37: 1
>> size of buffer 38: 0
>> size of buffer 39: 0
>> size of buffer 40: 0
>> size of buffer 41: 0
>> size of buffer 42: 0
>> size of buffer 43: 0
>> size of buffer 44: 0
>> size of buffer 45: 0
>> size of buffer 46: 0
>> size of buffer 47: 0
>> size of buffer 48: 1
>> size of buffer 49: 0
>> size of buffer 50: 0
>> size of buffer 51: 1
>> size of buffer 52: 0
>> size of buffer 53: 0
>> size of buffer 54: 0
>> size of buffer 55: 0
>> size of buffer 56: 0
>> size of buffer 57: 1
>> size of buffer 58: 1
>> size of buffer 59: 1
>> size of buffer 60: 0
>> size of buffer 61: 0
>> size of buffer 62: 1
>> size of buffer 63: 0
>> size of buffer 0: 0
>> size of buffer 1: 0
>> size of buffer 2: 0
>> size of buffer 3: 0
>> size of buffer 4: 0
>> size of buffer 5: 0
>> size of buffer 6: 0
>> size of buffer 7: 0
>> size of buffer 8: 0
>> size of buffer 9: 0
>> size of buffer 10: 0
>> size of buffer 11: 0
>> size of buffer 12: 0
>> size of buffer 13: 0
>> size of buffer 14: 0
>> size of buffer 15: 1
>> size of buffer 16: 1
>> size of buffer 17: 1
>> size of buffer 18: 1
>> size of buffer 19: 1
>> size of buffer 20: 1
>> size of buffer 21: 1
>> size of buffer 22: 1
>> size of buffer 23: 1
>> size of buffer 24: 1
>> size of buffer 25: 1
>> size of buffer 26: 0
>> size of buffer 27: 1
>> size of buffer 28: 1
>> size of buffer 29: 0
>> size of buffer 30: 1
>> size of buffer 31: 1
>> size of buffer 32: 1
>> size of buffer 33: 1
>> size of buffer 34: 1
>> size of buffer 35: 1
>> size of buffer 36: 1
>> size of buffer 37: 1
>> size of buffer 38: 1
>> size of buffer 39: 1
>> size of buffer 40: 1
>> size of buffer 41: 1
>> size of buffer 42: 1
>> size of buffer 43: 0
>> size of buffer 44: 1
>> size of buffer 45: 1
>> size of buffer 46: 1
>> size of buffer 47: 0
>> size of buffer 48: 1
>> size of buffer 49: 1
>> size of buffer 50: 1
>> size of buffer 51: 1
>> size of buffer 52: 1
>> size of buffer 53: 1
>> size of buffer 54: 1
>> size of buffer 55: 1
>> size of buffer 56: 1
>> size of buffer 57: 1
>> size of buffer 58: 1
>> size of buffer 59: 1
>> size of buffer 60: 1
>> size of buffer 61: 1
>> size of buffer 62: 1
>> size of buffer 63: 1
>> size of buffer 0: 0
>> size of buffer 1: 0
>> size of buffer 2: 0
>> size of buffer 3: 0
>> size of buffer 4: 0
>> size of buffer 5: 0
>> size of buffer 6: 0
>> size of buffer 7: 0
>> size of buffer 8: 0
>> size of buffer 9: 0
>> size of buffer 10: 0
>> size of buffer 11: 0
>> size of buffer 12: 0
>> size of buffer 13: 0
>> size of buffer 14: 0
>> size of buffer 15: 1
>> size of buffer 16: 1
>> size of buffer 17: 1
>> size of buffer 18: 1
>> size of buffer 19: 1
>> size of buffer 20: 1
>> size of buffer 21: 1
>> size of buffer 22: 1
>> size of buffer 23: 1
>> size of buffer 24: 1
>> size of buffer 25: 1
>> size of buffer 26: 1
>> size of buffer 27: 1
>> size of buffer 28: 1
>> size of buffer 29: 1
>> size of buffer 30: 1
>> size of buffer 31: 1
>> size of buffer 32: 1
>> size of buffer 33: 1
>> size of buffer 34: 1
>> size of buffer 35: 1
>> size of buffer 36: 1
>> size of buffer 37: 1
>> size of buffer 38: 1
>> size of buffer 39: 1
>> size of buffer 40: 1
>> size of buffer 41: 1
>> size of buffer 42: 1
>> size of buffer 43: 1
>> size of buffer 44: 1
>> size of buffer 45: 1
>> size of buffer 46: 1
>> size of buffer 47: 1
>> size of buffer 48: 2
>> size of buffer 49: 1
>> size of buffer 50: 1
>> size of buffer 51: 1
>> size of buffer 52: 1
>> size of buffer 53: 1
>> size of buffer 54: 1
>> size of buffer 55: 1
>> size of buffer 56: 1
>> size of buffer 57: 1
>> size of buffer 58: 1
>> size of buffer 59: 1
>> size of buffer 60: 1
>> size of buffer 61: 1
>> size of buffer 62: 1
>> size of buffer 63: 1
>> size of buffer 0: 0
>> size of buffer 1: 0
>> size of buffer 2: 0
>> size of buffer 3: 0
>> size of buffer 4: 0
>> size of buffer 5: 0
>> size of buffer 6: 0
>> size of buffer 7: 0
>> size of buffer 8: 0
>> size of buffer 9: 0
>> size of buffer 10: 0
>> size of buffer 11: 0
>> size of buffer 12: 0
>> size of buffer 13: 0
>> size of buffer 14: 0
>> size of buffer 15: 1
>> size of buffer 16: 1
>> size of buffer 17: 1
>> size of buffer 18: 1
>> size of buffer 19: 1
>> size of buffer 20: 2
>> size of buffer 21: 1
>> size of buffer 22: 1
>> size of buffer 23: 1
>> size of buffer 24: 1
>> size of buffer 25: 1
>> size of buffer 26: 1
>> size of buffer 27: 2
>> size of buffer 28: 1
>> size of buffer 29: 1
>> size of buffer 30: 1
>> size of buffer 31: 1
>> size of buffer 32: 1
>> size of buffer 33: 2
>> size of buffer 34: 1
>> size of buffer 35: 1
>> size of buffer 36: 1
>> size of buffer 37: 1
>> size of buffer 38: 1
>> size of buffer 39: 1
>> size of buffer 40: 1
>> size of buffer 41: 1
>> size of buffer 42: 1
>> size of buffer 43: 1
>> size of buffer 44: 1
>> size of buffer 45: 1
>> size of buffer 46: 1
>> size of buffer 47: 1
>> size of buffer 48: 2
>> size of buffer 49: 1
>> size of buffer 50: 1
>> size of buffer 51: 2
>> size of buffer 52: 2
>> size of buffer 53: 1
>> size of buffer 54: 2
>> size of buffer 55: 2
>> size of buffer 56: 2
>> size of buffer 57: 1
>> size of buffer 58: 2
>> size of buffer 59: 2
>> size of buffer 60: 2
>> size of buffer 61: 2
>> size of buffer 62: 2
>> size of buffer 63: 1
>> size of buffer 0: 0
>> size of buffer 1: 1
>> size of buffer 2: 0
>> size of buffer 3: 0
>> size of buffer 4: 0
>> size of buffer 5: 0
>> size of buffer 6: 0
>> size of buffer 7: 0
>> size of buffer 8: 0
>> size of buffer 9: 0
>> size of buffer 10: 0
>> size of buffer 11: 0
>> size of buffer 12: 0
>> size of buffer 13: 0
>> size of buffer 14: 0
>> size of buffer 15: 1
>> size of buffer 16: 1
>> size of buffer 17: 1
>> size of buffer 18: 1
>> size of buffer 19: 1
>> size of buffer 20: 2
>> size of buffer 21: 1
>> size of buffer 22: 1
>> size of buffer 23: 1
>> size of buffer 24: 1
>> size of buffer 25: 1
>> size of buffer 26: 1
>> size of buffer 27: 2
>> size of buffer 28: 1
>> size of buffer 29: 1
>> size of buffer 30: 1
>> size of buffer 31: 1
>> size of buffer 32: 1
>> size of buffer 33: 2
>> size of buffer 34: 1
>> size of buffer 35: 1
>> size of buffer 36: 2
>> size of buffer 37: 1
>> size of buffer 38: 1
>> size of buffer 39: 1
>> size of buffer 40: 1
>> size of buffer 41: 1
>> size of buffer 42: 1
>> size of buffer 43: 1
>> size of buffer 44: 1
>> size of buffer 45: 1
>> size of buffer 46: 1
>> size of buffer 47: 1
>> size of buffer 48: 3
>> size of buffer 49: 2
>> size of buffer 50: 2
>> size of buffer 51: 2
>> size of buffer 52: 2
>> size of buffer 53: 1
>> size of buffer 54: 2
>> size of buffer 55: 2
>> size of buffer 56: 2
>> size of buffer 57: 2
>> size of buffer 58: 2
>> size of buffer 59: 2
>> size of buffer 60: 2
>> size of buffer 61: 2
>> size of buffer 62: 2
>> size of buffer 63: 2
>> size of buffer 0: 0
>> size of buffer 1: 1
>> size of buffer 2: 0
>> size of buffer 3: 0
>> size of buffer 4: 0
>> size of buffer 5: 1
>> size of buffer 6: 0
>> size of buffer 7: 0
>> size of buffer 8: 0
>> size of buffer 9: 0
>> size of buffer 10: 0
>> size of buffer 11: 0
>> size of buffer 12: 0
>> size of buffer 13: 0
>> size of buffer 14: 0
>> size of buffer 15: 1
>> size of buffer 16: 1
>> size of buffer 17: 2
>> size of buffer 18: 2
>> size of buffer 19: 2
>> size of buffer 20: 3
>> size of buffer 21: 2
>> size of buffer 22: 1
>> size of buffer 23: 1
>> size of buffer 24: 1
>> size of buffer 25: 1
>> size of buffer 26: 1
>> size of buffer 27: 3
>> size of buffer 28: 1
>> size of buffer 29: 1
>> size of buffer 30: 1
>> size of buffer 31: 1
>> size of buffer 32: 2
>> size of buffer 33: 2
>> size of buffer 34: 2
>> size of buffer 35: 2
>> size of buffer 36: 2
>> size of buffer 37: 2
>> size of buffer 38: 1
>> size of buffer 39: 1
>> size of buffer 40: 1
>> size of buffer 41: 1
>> size of buffer 42: 1
>> size of buffer 43: 1
>> size of buffer 44: 2
>> size of buffer 45: 1
>> size of buffer 46: 1
>> size of buffer 47: 1
>> size of buffer 48: 3
>> size of buffer 49: 2
>> size of buffer 50: 2
>> size of buffer 51: 2
>> size of buffer 52: 3
>> size of buffer 53: 1
>> size of buffer 54: 2
>> size of buffer 55: 2
>> size of buffer 56: 2
>> size of buffer 57: 2
>> size of buffer 58: 2
>> size of buffer 59: 2
>> size of buffer 60: 2
>> size of buffer 61: 2
>> size of buffer 62: 2
>> size of buffer 63: 2
>> size of buffer 0: 0
>> size of buffer 1: 0
>> size of buffer 2: 0
>> size of buffer 3: 0
>> size of buffer 4: 0
>> size of buffer 5: 0
>> size of buffer 6: 0
>> size of buffer 7: 0
>> size of buffer 8: 0
>> size of buffer 9: 0
>> size of buffer 10: 0
>> size of buffer 11: 0
>> size of buffer 12: 0
>> size of buffer 13: 0
>> size of buffer 14: 0
>> size of buffer 15: 0
>> size of buffer 16: 1
>> size of buffer 17: 1
>> size of buffer 18: 1
>> size of buffer 19: 1
>> size of buffer 20: 2
>> size of buffer 21: 1
>> size of buffer 22: 1
>> size of buffer 23: 1
>> size of buffer 24: 1
>> size of buffer 25: 0
>> size of buffer 26: 0
>> size of buffer 27: 2
>> size of buffer 28: 0
>> size of buffer 29: 0
>> size of buffer 30: 0
>> size of buffer 31: 1
>> size of buffer 32: 1
>> size of buffer 33: 1
>> size of buffer 34: 1
>> size of buffer 35: 1
>> size of buffer 36: 1
>> size of buffer 37: 1
>> size of buffer 38: 0
>> size of buffer 39: 0
>> size of buffer 40: 0
>> size of buffer 41: 1
>> size of buffer 42: 1
>> size of buffer 43: 0
>> size of buffer 44: 1
>> size of buffer 45: 1
>> size of buffer 46: 1
>> size of buffer 47: 0
>> size of buffer 48: 3
>> size of buffer 49: 1
>> size of buffer 50: 1
>> size of buffer 51: 1
>> size of buffer 52: 2
>> size of buffer 53: 1
>> size of buffer 54: 2
>> size of buffer 55: 2
>> size of buffer 56: 2
>> size of buffer 57: 1
>> size of buffer 58: 1
>> size of buffer 59: 2
>> size of buffer 60: 2
>> size of buffer 61: 1
>> size of buffer 62: 1
>> size of buffer 63: 1
>> size of buffer 0: 0
>> size of buffer 1: 0
>> size of buffer 2: 0
>> size of buffer 3: 0
>> size of buffer 4: 0
>> size of buffer 5: 0
>> size of buffer 6: 0
>> size of buffer 7: 0
>> size of buffer 8: 0
>> size of buffer 9: 0
>> size of buffer 10: 0
>> size of buffer 11: 0
>> size of buffer 12: 0
>> size of buffer 13: 0
>> size of buffer 14: 0
>> size of buffer 15: 1
>> size of buffer 16: 1
>> size of buffer 17: 1
>> size of buffer 18: 1
>> size of buffer 19: 1
>> size of buffer 20: 7
>> size of buffer 21: 1
>> size of buffer 22: 1
>> size of buffer 23: 1
>> size of buffer 24: 1
>> size of buffer 25: 1
>> size of buffer 26: 1
>> size of buffer 27: 3
>> size of buffer 28: 2
>> size of buffer 29: 2
>> size of buffer 30: 1
>> size of buffer 31: 1
>> size of buffer 32: 1
>> size of buffer 33: 6
>> size of buffer 34: 1
>> size of buffer 35: 1
>> size of buffer 36: 1
>> size of buffer 37: 1
>> size of buffer 38: 1
>> size of buffer 39: 1
>> size of buffer 40: 1
>> size of buffer 41: 1
>> size of buffer 42: 1
>> size of buffer 43: 1
>> size of buffer 44: 1
>> size of buffer 45: 1
>> size of buffer 46: 1
>> size of buffer 47: 0
>> size of buffer 48: 3
>> size of buffer 49: 1
>> size of buffer 50: 1
>> size of buffer 51: 3
>> size of buffer 52: 2
>> size of buffer 53: 1
>> size of buffer 54: 2
>> size of buffer 55: 2
>> size of buffer 56: 2
>> size of buffer 57: 1
>> size of buffer 58: 2
>> size of buffer 59: 2
>> size of buffer 60: 2
>> size of buffer 61: 2
>> size of buffer 62: 3
>> size of buffer 63: 1
>> size of buffer 0: 0
>> size of buffer 1: 0
>> size of buffer 2: 0
>> size of buffer 3: 0
>> size of buffer 4: 0
>> size of buffer 5: 0
>> size of buffer 6: 0
>> size of buffer 7: 0
>> size of buffer 8: 0
>> size of buffer 9: 0
>> size of buffer 10: 0
>> size of buffer 11: 0
>> size of buffer 12: 0
>> size of buffer 13: 0
>> size of buffer 14: 0
>> size of buffer 15: 1
>> size of buffer 16: 1
>> size of buffer 17: 1
>> size of buffer 18: 1
>> size of buffer 19: 4
>> size of buffer 20: 7
>> size of buffer 21: 3
>> size of buffer 22: 1
>> size of buffer 23: 1
>> size of buffer 24: 4
>> size of buffer 25: 1
>> size of buffer 26: 1
>> size of buffer 27: 3
>> size of buffer 28: 2
>> size of buffer 29: 2
>> size of buffer 30: 1
>> size of buffer 31: 1
>> size of buffer 32: 2
>> size of buffer 33: 6
>> size of buffer 34: 3
>> size of buffer 35: 1
>> size of buffer 36: 2
>> size of buffer 37: 1
>> size of buffer 38: 1
>> size of buffer 39: 1
>> size of buffer 40: 1
>> size of buffer 41: 1
>> size of buffer 42: 1
>> size of buffer 43: 1
>> size of buffer 44: 3
>> size of buffer 45: 1
>> size of buffer 46: 1
>> size of buffer 47: 3
>> size of buffer 48: 3
>> size of buffer 49: 4
>> size of buffer 50: 4
>> size of buffer 51: 3
>> size of buffer 52: 3
>> size of buffer 53: 1
>> size of buffer 54: 2
>> size of buffer 55: 2
>> size of buffer 56: 2
>> size of buffer 57: 2
>> size of buffer 58: 2
>> size of buffer 59: 2
>> size of buffer 60: 2
>> size of buffer 61: 2
>> size of buffer 62: 3
>> size of buffer 63: 2
>> size of buffer 0: 0
>> size of buffer 1: 1
>> size of buffer 2: 0
>> size of buffer 3: 0
>> size of buffer 4: 0
>> size of buffer 5: 0
>> size of buffer 6: 0
>> size of buffer 7: 0
>> size of buffer 8: 0
>> size of buffer 9: 1
>> size of buffer 10: 0
>> size of buffer 11: 0
>> size of buffer 12: 0
>> size of buffer 13: 0
>> size of buffer 14: 0
>> size of buffer 15: 1
>> size of buffer 16: 2
>> size of buffer 17: 2
>> size of buffer 18: 2
>> size of buffer 19: 4
>> size of buffer 20: 9
>> size of buffer 21: 3
>> size of buffer 22: 1
>> size of buffer 23: 1
>> size of buffer 24: 4
>> size of buffer 25: 4
>> size of buffer 26: 3
>> size of buffer 27: 4
>> size of buffer 28: 2
>> size of buffer 29: 2
>> size of buffer 30: 1
>> size of buffer 31: 2
>> size of buffer 32: 2
>> size of buffer 33: 7
>> size of buffer 34: 3
>> size of buffer 35: 2
>> size of buffer 36: 2
>> size of buffer 37: 2
>> size of buffer 38: 1
>> size of buffer 39: 1
>> size of buffer 40: 1
>> size of buffer 41: 2
>> size of buffer 42: 1
>> size of buffer 43: 1
>> size of buffer 44: 3
>> size of buffer 45: 1
>> size of buffer 46: 1
>> size of buffer 47: 3
>> size of buffer 48: 4
>> size of buffer 49: 4
>> size of buffer 50: 4
>> size of buffer 51: 3
>> size of buffer 52: 3
>> size of buffer 53: 4
>> size of buffer 54: 4
>> size of buffer 55: 3
>> size of buffer 56: 2
>> size of buffer 57: 2
>> size of buffer 58: 2
>> size of buffer 59: 3
>> size of buffer 60: 3
>> size of buffer 61: 3
>> size of buffer 62: 5
>> size of buffer 63: 2
>> size of buffer 0: 0
>> size of buffer 1: 1
>> size of buffer 2: 0
>> size of buffer 3: 0
>> size of buffer 4: 0
>> size of buffer 5: 0
>> size of buffer 6: 1
>> size of buffer 7: 1
>> size of buffer 8: 0
>> size of buffer 9: 1
>> size of buffer 10: 0
>> size of buffer 11: 0
>> size of buffer 12: 0
>> size of buffer 13: 0
>> size of buffer 14: 0
>> size of buffer 15: 2
>> size of buffer 16: 2
>> size of buffer 17: 2
>> size of buffer 18: 2
>> size of buffer 19: 4
>> size of buffer 20: 9
>> size of buffer 21: 3
>> size of buffer 22: 3
>> size of buffer 23: 2
>> size of buffer 24: 7
>> size of buffer 25: 4
>> size of buffer 26: 3
>> size of buffer 27: 4
>> size of buffer 28: 3
>> size of buffer 29: 3
>> size of buffer 30: 1
>> size of buffer 31: 2
>> size of buffer 32: 2
>> size of buffer 33: 7
>> size of buffer 34: 3
>> size of buffer 35: 2
>> size of buffer 36: 2
>> size of buffer 37: 2
>> size of buffer 38: 1
>> size of buffer 39: 1
>> size of buffer 40: 1
>> size of buffer 41: 2
>> size of buffer 42: 4
>> size of buffer 43: 1
>> size of buffer 44: 4
>> size of buffer 45: 1
>> size of buffer 46: 1
>> size of buffer 47: 6
>> size of buffer 48: 4
>> size of buffer 49: 5
>> size of buffer 50: 4
>> size of buffer 51: 4
>> size of buffer 52: 3
>> size of buffer 53: 4
>> size of buffer 54: 4
>> size of buffer 55: 3
>> size of buffer 56: 3
>> size of buffer 57: 2
>> size of buffer 58: 2
>> size of buffer 59: 3
>> size of buffer 60: 3
>> size of buffer 61: 3
>> size of buffer 62: 5
>> size of buffer 63: 2
>> size of buffer 0: 0
>> size of buffer 1: 2
>> size of buffer 2: 1
>> size of buffer 3: 1
>> size of buffer 4: 1
>> size of buffer 5: 1
>> size of buffer 6: 1
>> size of buffer 7: 1
>> size of buffer 8: 1
>> size of buffer 9: 1
>> size of buffer 10: 1
>> size of buffer 11: 1
>> size of buffer 12: 1
>> size of buffer 13: 1
>> size of buffer 14: 1
>> size of buffer 15: 2
>> size of buffer 16: 2
>> size of buffer 17: 2
>> size of buffer 18: 2
>> size of buffer 19: 4
>> size of buffer 20: 19
>> size of buffer 21: 4
>> size of buffer 22: 3
>> size of buffer 23: 2
>> size of buffer 24: 7
>> size of buffer 25: 7
>> size of buffer 26: 4
>> size of buffer 27: 7
>> size of buffer 28: 3
>> size of buffer 29: 3
>> size of buffer 30: 1
>> size of buffer 31: 2
>> size of buffer 32: 3
>> size of buffer 33: 8
>> size of buffer 34: 4
>> size of buffer 35: 2
>> size of buffer 36: 2
>> size of buffer 37: 2
>> size of buffer 38: 3
>> size of buffer 39: 2
>> size of buffer 40: 2
>> size of buffer 41: 3
>> size of buffer 42: 4
>> size of buffer 43: 1
>> size of buffer 44: 4
>> size of buffer 45: 3
>> size of buffer 46: 3
>> size of buffer 47: 6
>> size of buffer 48: 7
>> size of buffer 49: 5
>> size of buffer 50: 4
>> size of buffer 51: 4
>> size of buffer 52: 3
>> size of buffer 53: 8
>> size of buffer 54: 8
>> size of buffer 55: 3
>> size of buffer 56: 3
>> size of buffer 57: 3
>> size of buffer 58: 3
>> size of buffer 59: 3
>> size of buffer 60: 4
>> size of buffer 61: 4
>> size of buffer 62: 7
>> size of buffer 63: 3
>> size of buffer 0: 0
>> size of buffer 1: 1
>> size of buffer 2: 0
>> size of buffer 3: 0
>> size of buffer 4: 0
>> size of buffer 5: 0
>> size of buffer 6: 1
>> size of buffer 7: 1
>> size of buffer 8: 0
>> size of buffer 9: 0
>> size of buffer 10: 0
>> size of buffer 11: 0
>> size of buffer 12: 0
>> size of buffer 13: 0
>> size of buffer 14: 0
>> size of buffer 15: 1
>> size of buffer 16: 1
>> size of buffer 17: 1
>> size of buffer 18: 1
>> size of buffer 19: 6
>> size of buffer 20: 19
>> size of buffer 21: 3
>> size of buffer 22: 6
>> size of buffer 23: 1
>> size of buffer 24: 6
>> size of buffer 25: 6
>> size of buffer 26: 3
>> size of buffer 27: 7
>> size of buffer 28: 2
>> size of buffer 29: 2
>> size of buffer 30: 1
>> size of buffer 31: 1
>> size of buffer 32: 2
>> size of buffer 33: 7
>> size of buffer 34: 3
>> size of buffer 35: 1
>> size of buffer 36: 2
>> size of buffer 37: 1
>> size of buffer 38: 2
>> size of buffer 39: 1
>> size of buffer 40: 1
>> size of buffer 41: 2
>> size of buffer 42: 6
>> size of buffer 43: 2
>> size of buffer 44: 6
>> size of buffer 45: 2
>> size of buffer 46: 2
>> size of buffer 47: 6
>> size of buffer 48: 6
>> size of buffer 49: 5
>> size of buffer 50: 6
>> size of buffer 51: 3
>> size of buffer 52: 3
>> size of buffer 53: 7
>> size of buffer 54: 7
>> size of buffer 55: 3
>> size of buffer 56: 2
>> size of buffer 57: 2
>> size of buffer 58: 2
>> size of buffer 59: 3
>> size of buffer 60: 3
>> size of buffer 61: 3
>> size of buffer 62: 6
>> size of buffer 63: 2
>> size of buffer 0: 0
>> size of buffer 1: 1
>> size of buffer 2: 0
>> size of buffer 3: 0
>> size of buffer 4: 0
>> size of buffer 5: 1
>> size of buffer 6: 1
>> size of buffer 7: 1
>> size of buffer 8: 2
>> size of buffer 9: 2
>> size of buffer 10: 2
>> size of buffer 11: 1
>> size of buffer 12: 1
>> size of buffer 13: 1
>> size of buffer 14: 1
>> size of buffer 15: 1
>> size of buffer 16: 2
>> size of buffer 17: 6
>> size of buffer 18: 6
>> size of buffer 19: 8
>> size of buffer 20: 19
>> size of buffer 21: 4
>> size of buffer 22: 6
>> size of buffer 23: 1
>> size of buffer 24: 7
>> size of buffer 25: 7
>> size of buffer 26: 3
>> size of buffer 27: 7
>> size of buffer 28: 3
>> size of buffer 29: 3
>> size of buffer 30: 1
>> size of buffer 31: 2
>> size of buffer 32: 2
>> size of buffer 33: 7
>> size of buffer 34: 3
>> size of buffer 35: 1
>> size of buffer 36: 2
>> size of buffer 37: 1
>> size of buffer 38: 5
>> size of buffer 39: 1
>> size of buffer 40: 1
>> size of buffer 41: 2
>> size of buffer 42: 6
>> size of buffer 43: 2
>> size of buffer 44: 6
>> size of buffer 45: 2
>> size of buffer 46: 2
>> size of buffer 47: 6
>> size of buffer 48: 6
>> size of buffer 49: 6
>> size of buffer 50: 7
>> size of buffer 51: 6
>> size of buffer 52: 3
>> size of buffer 53: 7
>> size of buffer 54: 7
>> size of buffer 55: 3
>> size of buffer 56: 3
>> size of buffer 57: 3
>> size of buffer 58: 3
>> size of buffer 59: 7
>> size of buffer 60: 3
>> size of buffer 61: 3
>> size of buffer 62: 6
>> size of buffer 63: 2
>> size of buffer 0: 0
>> size of buffer 1: 0
>> size of buffer 2: 0
>> size of buffer 3: 1
>> size of buffer 4: 0
>> size of buffer 5: 1
>> size of buffer 6: 1
>> size of buffer 7: 2
>> size of buffer 8: 2
>> size of buffer 9: 2
>> size of buffer 10: 2
>> size of buffer 11: 1
>> size of buffer 12: 1
>> size of buffer 13: 1
>> size of buffer 14: 1
>> size of buffer 15: 2
>> size of buffer 16: 2
>> size of buffer 17: 6
>> size of buffer 18: 6
>> size of buffer 19: 8
>> size of buffer 20: 19
>> size of buffer 21: 4
>> size of buffer 22: 18
>> size of buffer 23: 2
>> size of buffer 24: 7
>> size of buffer 25: 7
>> size of buffer 26: 6
>> size of buffer 27: 8
>> size of buffer 28: 3
>> size of buffer 29: 3
>> size of buffer 30: 2
>> size of buffer 31: 2
>> size of buffer 32: 3
>> size of buffer 33: 8
>> size of buffer 34: 3
>> size of buffer 35: 2
>> size of buffer 36: 2
>> size of buffer 37: 2
>> size of buffer 38: 5
>> size of buffer 39: 1
>> size of buffer 40: 1
>> size of buffer 41: 2
>> size of buffer 42: 7
>> size of buffer 43: 2
>> size of buffer 44: 6
>> size of buffer 45: 6
>> size of buffer 46: 6
>> size of buffer 47: 7
>> size of buffer 48: 7
>> size of buffer 49: 6
>> size of buffer 50: 7
>> size of buffer 51: 6
>> size of buffer 52: 7
>> size of buffer 53: 10
>> size of buffer 54: 10
>> size of buffer 55: 7
>> size of buffer 56: 3
>> size of buffer 57: 3
>> size of buffer 58: 3
>> size of buffer 59: 10
>> size of buffer 60: 3
>> size of buffer 61: 18
>> size of buffer 62: 7
>> size of buffer 63: 6
>> size of buffer 0: 0
>> size of buffer 1: 1
>> size of buffer 2: 0
>> size of buffer 3: 0
>> size of buffer 4: 0
>> size of buffer 5: 0
>> size of buffer 6: 2
>> size of buffer 7: 1
>> size of buffer 8: 7
>> size of buffer 9: 2
>> size of buffer 10: 1
>> size of buffer 11: 0
>> size of buffer 12: 0
>> size of buffer 13: 0
>> size of buffer 14: 0
>> size of buffer 15: 1
>> size of buffer 16: 2
>> size of buffer 17: 5
>> size of buffer 18: 5
>> size of buffer 19: 7
>> size of buffer 20: 36
>> size of buffer 21: 5
>> size of buffer 22: 17
>> size of buffer 23: 1
>> size of buffer 24: 6
>> size of buffer 25: 15
>> size of buffer 26: 5
>> size of buffer 27: 7
>> size of buffer 28: 2
>> size of buffer 29: 2
>> size of buffer 30: 1
>> size of buffer 31: 4
>> size of buffer 32: 2
>> size of buffer 33: 7
>> size of buffer 34: 4
>> size of buffer 35: 1
>> size of buffer 36: 4
>> size of buffer 37: 1
>> size of buffer 38: 5
>> size of buffer 39: 0
>> size of buffer 40: 0
>> size of buffer 41: 4
>> size of buffer 42: 6
>> size of buffer 43: 5
>> size of buffer 44: 5
>> size of buffer 45: 5
>> size of buffer 46: 5
>> size of buffer 47: 6
>> size of buffer 48: 7
>> size of buffer 49: 6
>> size of buffer 50: 6
>> size of buffer 51: 13
>> size of buffer 52: 6
>> size of buffer 53: 9
>> size of buffer 54: 9
>> size of buffer 55: 6
>> size of buffer 56: 3
>> size of buffer 57: 5
>> size of buffer 58: 6
>> size of buffer 59: 9
>> size of buffer 60: 5
>> size of buffer 61: 17
>> size of buffer 62: 6
>> size of buffer 63: 5
>> size of buffer 0: 0
>> size of buffer 1: 1
>> size of buffer 2: 0
>> size of buffer 3: 0
>> size of buffer 4: 0
>> size of buffer 5: 0
>> size of buffer 6: 2
>> size of buffer 7: 1
>> size of buffer 8: 7
>> size of buffer 9: 2
>> size of buffer 10: 7
>> size of buffer 11: 0
>> size of buffer 12: 0
>> size of buffer 13: 0
>> size of buffer 14: 0
>> size of buffer 15: 1
>> size of buffer 16: 2
>> size of buffer 17: 5
>> size of buffer 18: 5
>> size of buffer 19: 7
>> size of buffer 20: 36
>> size of buffer 21: 5
>> size of buffer 22: 17
>> size of buffer 23: 1
>> size of buffer 24: 7
>> size of buffer 25: 15
>> size of buffer 26: 6
>> size of buffer 27: 7
>> size of buffer 28: 2
>> size of buffer 29: 2
>> size of buffer 30: 4
>> size of buffer 31: 4
>> size of buffer 32: 2
>> size of buffer 33: 7
>> size of buffer 34: 4
>> size of buffer 35: 1
>> size of buffer 36: 5
>> size of buffer 37: 1
>> size of buffer 38: 5
>> size of buffer 39: 4
>> size of buffer 40: 1
>> size of buffer 41: 4
>> size of buffer 42: 6
>> size of buffer 43: 5
>> size of buffer 44: 6
>> size of buffer 45: 9
>> size of buffer 46: 5
>> size of buffer 47: 6
>> size of buffer 48: 7
>> size of buffer 49: 6
>> size of buffer 50: 9
>> size of buffer 51: 13
>> size of buffer 52: 6
>> size of buffer 53: 28
>> size of buffer 54: 9
>> size of buffer 55: 6
>> size of buffer 56: 3
>> size of buffer 57: 5
>> size of buffer 58: 6
>> size of buffer 59: 26
>> size of buffer 60: 5
>> size of buffer 61: 27
>> size of buffer 62: 6
>> size of buffer 63: 5
>> size of buffer 0: 0
>> size of buffer 1: 1
>> size of buffer 2: 0
>> size of buffer 3: 0
>> size of buffer 4: 0
>> size of buffer 5: 1
>> size of buffer 6: 2
>> size of buffer 7: 5
>> size of buffer 8: 30
>> size of buffer 9: 2
>> size of buffer 10: 7
>> size of buffer 11: 1
>> size of buffer 12: 1
>> size of buffer 13: 5
>> size of buffer 14: 1
>> size of buffer 15: 3
>> size of buffer 16: 2
>> size of buffer 17: 13
>> size of buffer 18: 6
>> size of buffer 19: 7
>> size of buffer 20: 36
>> size of buffer 21: 5
>> size of buffer 22: 51
>> size of buffer 23: 5
>> size of buffer 24: 7
>> size of buffer 25: 15
>> size of buffer 26: 6
>> size of buffer 27: 9
>> size of buffer 28: 5
>> size of buffer 29: 4
>> size of buffer 30: 4
>> size of buffer 31: 5
>> size of buffer 32: 4
>> size of buffer 33: 15
>> size of buffer 34: 5
>> size of buffer 35: 3
>> size of buffer 36: 5
>> size of buffer 37: 2
>> size of buffer 38: 6
>> size of buffer 39: 4
>> size of buffer 40: 1
>> size of buffer 41: 4
>> size of buffer 42: 9
>> size of buffer 43: 5
>> size of buffer 44: 6
>> size of buffer 45: 9
>> size of buffer 46: 9
>> size of buffer 47: 6
>> size of buffer 48: 36
>> size of buffer 49: 6
>> size of buffer 50: 9
>> size of buffer 51: 17
>> size of buffer 52: 6
>> size of buffer 53: 47
>> size of buffer 54: 11
>> size of buffer 55: 9
>> size of buffer 56: 3
>> size of buffer 57: 5
>> size of buffer 58: 6
>> size of buffer 59: 41
>> size of buffer 60: 5
>> size of buffer 61: 51
>> size of buffer 62: 6
>> size of buffer 63: 6
>> size of buffer 0: 0
>> size of buffer 1: 6
>> size of buffer 2: 1
>> size of buffer 3: 1
>> size of buffer 4: 0
>> size of buffer 5: 1
>> size of buffer 6: 5
>> size of buffer 7: 5
>> size of buffer 8: 36
>> size of buffer 9: 7
>> size of buffer 10: 13
>> size of buffer 11: 1
>> size of buffer 12: 1
>> size of buffer 13: 5
>> size of buffer 14: 1
>> size of buffer 15: 3
>> size of buffer 16: 2
>> size of buffer 17: 13
>> size of buffer 18: 6
>> size of buffer 19: 8
>> size of buffer 20: 50
>> size of buffer 21: 6
>> size of buffer 22: 51
>> size of buffer 23: 5
>> size of buffer 24: 15
>> size of buffer 25: 27
>> size of buffer 26: 6
>> size of buffer 27: 9
>> size of buffer 28: 6
>> size of buffer 29: 4
>> size of buffer 30: 5
>> size of buffer 31: 5
>> size of buffer 32: 4
>> size of buffer 33: 15
>> size of buffer 34: 5
>> size of buffer 35: 3
>> size of buffer 36: 5
>> size of buffer 37: 2
>> size of buffer 38: 6
>> size of buffer 39: 4
>> size of buffer 40: 1
>> size of buffer 41: 4
>> size of buffer 42: 9
>> size of buffer 43: 9
>> size of buffer 44: 8
>> size of buffer 45: 15
>> size of buffer 46: 9
>> size of buffer 47: 6
>> size of buffer 48: 36
>> size of buffer 49: 6
>> size of buffer 50: 9
>> size of buffer 51: 17
>> size of buffer 52: 18
>> size of buffer 53: 47
>> size of buffer 54: 14
>> size of buffer 55: 9
>> size of buffer 56: 3
>> size of buffer 57: 6
>> size of buffer 58: 9
>> size of buffer 59: 41
>> size of buffer 60: 9
>> size of buffer 61: 51
>> size of buffer 62: 11
>> size of buffer 63: 17
>> size of buffer 0: 0
>> size of buffer 1: 5
>> size of buffer 2: 0
>> size of buffer 3: 0
>> size of buffer 4: 0
>> size of buffer 5: 1
>> size of buffer 6: 5
>> size of buffer 7: 6
>> size of buffer 8: 36
>> size of buffer 9: 7
>> size of buffer 10: 24
>> size of buffer 11: 1
>> size of buffer 12: 6
>> size of buffer 13: 5
>> size of buffer 14: 1
>> size of buffer 15: 5
>> size of buffer 16: 5
>> size of buffer 17: 15
>> size of buffer 18: 6
>> size of buffer 19: 8
>> size of buffer 20: 51
>> size of buffer 21: 6
>> size of buffer 22: 51
>> size of buffer 23: 6
>> size of buffer 24: 15
>> size of buffer 25: 30
>> size of buffer 26: 7
>> size of buffer 27: 15
>> size of buffer 28: 6
>> size of buffer 29: 4
>> size of buffer 30: 5
>> size of buffer 31: 6
>> size of buffer 32: 6
>> size of buffer 33: 19
>> size of buffer 34: 5
>> size of buffer 35: 4
>> size of buffer 36: 9
>> size of buffer 37: 2
>> size of buffer 38: 6
>> size of buffer 39: 5
>> size of buffer 40: 6
>> size of buffer 41: 9
>> size of buffer 42: 9
>> size of buffer 43: 9
>> size of buffer 44: 8
>> size of buffer 45: 15
>> size of buffer 46: 9
>> size of buffer 47: 26
>> size of buffer 48: 37
>> size of buffer 49: 9
>> size of buffer 50: 18
>> size of buffer 51: 47
>> size of buffer 52: 18
>> size of buffer 53: 54
>> size of buffer 54: 14
>> size of buffer 55: 30
>> size of buffer 56: 6
>> size of buffer 57: 6
>> size of buffer 58: 51
>> size of buffer 59: 53
>> size of buffer 60: 9
>> size of buffer 61: 51
>> size of buffer 62: 30
>> size of buffer 63: 55
>> size of buffer 0: 0
>> size of buffer 1: 6
>> size of buffer 2: 5
>> size of buffer 3: 0
>> size of buffer 4: 0
>> size of buffer 5: 14
>> size of buffer 6: 26
>> size of buffer 7: 5
>> size of buffer 8: 60
>> size of buffer 9: 29
>> size of buffer 10: 23
>> size of buffer 11: 2
>> size of buffer 12: 5
>> size of buffer 13: 4
>> size of buffer 14: 0
>> size of buffer 15: 4
>> size of buffer 16: 4
>> size of buffer 17: 14
>> size of buffer 18: 7
>> size of buffer 19: 7
>> size of buffer 20: 50
>> size of buffer 21: 12
>> size of buffer 22: 52
>> size of buffer 23: 5
>> size of buffer 24: 43
>> size of buffer 25: 29
>> size of buffer 26: 6
>> size of buffer 27: 14
>> size of buffer 28: 5
>> size of buffer 29: 3
>> size of buffer 30: 4
>> size of buffer 31: 5
>> size of buffer 32: 5
>> size of buffer 33: 18
>> size of buffer 34: 6
>> size of buffer 35: 3
>> size of buffer 36: 16
>> size of buffer 37: 1
>> size of buffer 38: 8
>> size of buffer 39: 4
>> size of buffer 40: 5
>> size of buffer 41: 8
>> size of buffer 42: 12
>> size of buffer 43: 8
>> size of buffer 44: 11
>> size of buffer 45: 29
>> size of buffer 46: 11
>> size of buffer 47: 25
>> size of buffer 48: 60
>> size of buffer 49: 8
>> size of buffer 50: 25
>> size of buffer 51: 58
>> size of buffer 52: 19
>> size of buffer 53: 54
>> size of buffer 54: 26
>> size of buffer 55: 29
>> size of buffer 56: 5
>> size of buffer 57: 8
>> size of buffer 58: 50
>> size of buffer 59: 55
>> size of buffer 60: 31
>> size of buffer 61: 53
>> size of buffer 62: 29
>> size of buffer 63: 54
>> size of buffer 0: 0
>> size of buffer 1: 6
>> size of buffer 2: 5
>> size of buffer 3: 5
>> size of buffer 4: 0
>> size of buffer 5: 14
>> size of buffer 6: 40
>> size of buffer 7: 5
>> size of buffer 8: 60
>> size of buffer 9: 35
>> size of buffer 10: 58
>> size of buffer 11: 2
>> size of buffer 12: 5
>> size of buffer 13: 5
>> size of buffer 14: 5
>> size of buffer 15: 4
>> size of buffer 16: 24
>> size of buffer 17: 16
>> size of buffer 18: 7
>> size of buffer 19: 14
>> size of buffer 20: 50
>> size of buffer 21: 23
>> size of buffer 22: 60
>> size of buffer 23: 23
>> size of buffer 24: 43
>> size of buffer 25: 59
>> size of buffer 26: 11
>> size of buffer 27: 14
>> size of buffer 28: 8
>> size of buffer 29: 4
>> size of buffer 30: 16
>> size of buffer 31: 5
>> size of buffer 32: 6
>> size of buffer 33: 22
>> size of buffer 34: 6
>> size of buffer 35: 4
>> size of buffer 36: 59
>> size of buffer 37: 3
>> size of buffer 38: 8
>> size of buffer 39: 5
>> size of buffer 40: 8
>> size of buffer 41: 8
>> size of buffer 42: 12
>> size of buffer 43: 12
>> size of buffer 44: 11
>> size of buffer 45: 32
>> size of buffer 46: 11
>> size of buffer 47: 29
>> size of buffer 48: 60
>> size of buffer 49: 11
>> size of buffer 50: 25
>> size of buffer 51: 58
>> size of buffer 52: 19
>> size of buffer 53: 54
>> size of buffer 54: 29
>> size of buffer 55: 46
>> size of buffer 56: 5
>> size of buffer 57: 8
>> size of buffer 58: 50
>> size of buffer 59: 61
>> size of buffer 60: 31
>> size of buffer 61: 59
>> size of buffer 62: 29
>> size of buffer 63: 54
>> size of buffer 0: 4
>> size of buffer 1: 7
>> size of buffer 2: 25
>> size of buffer 3: 4
>> size of buffer 4: 0
>> size of buffer 5: 35
>> size of buffer 6: 40
>> size of buffer 7: 9
>> size of buffer 8: 60
>> size of buffer 9: 35
>> size of buffer 10: 58
>> size of buffer 11: 2
>> size of buffer 12: 6
>> size of buffer 13: 28
>> size of buffer 14: 5
>> size of buffer 15: 4
>> size of buffer 16: 24
>> size of buffer 17: 16
>> size of buffer 18: 7
>> size of buffer 19: 14
>> size of buffer 20: 60
>> size of buffer 21: 23
>> size of buffer 22: 60
>> size of buffer 23: 23
>> size of buffer 24: 49
>> size of buffer 25: 61
>> size of buffer 26: 11
>> size of buffer 27: 20
>> size of buffer 28: 8
>> size of buffer 29: 4
>> size of buffer 30: 31
>> size of buffer 31: 6
>> size of buffer 32: 6
>> size of buffer 33: 22
>> size of buffer 34: 6
>> size of buffer 35: 4
>> size of buffer 36: 59
>> size of buffer 37: 3
>> size of buffer 38: 8
>> size of buffer 39: 5
>> size of buffer 40: 8
>> size of buffer 41: 35
>> size of buffer 42: 19
>> size of buffer 43: 17
>> size of buffer 44: 11
>> size of buffer 45: 32
>> size of buffer 46: 11
>> size of buffer 47: 30
>> size of buffer 48: 61
>> size of buffer 49: 11
>> size of buffer 50: 46
>> size of buffer 51: 60
>> size of buffer 52: 19
>> size of buffer 53: 54
>> size of buffer 54: 29
>> size of buffer 55: 46
>> size of buffer 56: 8
>> size of buffer 57: 11
>> size of buffer 58: 61
>> size of buffer 59: 61
>> size of buffer 60: 59
>> size of buffer 61: 59
>> size of buffer 62: 32
>> size of buffer 63: 58
>> size of buffer 0: 0
>> size of buffer 1: 3
>> size of buffer 2: 21
>> size of buffer 3: 0
>> size of buffer 4: 0
>> size of buffer 5: 31
>> size of buffer 6: 40
>> size of buffer 7: 5
>> size of buffer 8: 57
>> size of buffer 9: 55
>> size of buffer 10: 59
>> size of buffer 11: 1
>> size of buffer 12: 2
>> size of buffer 13: 57
>> size of buffer 14: 1
>> size of buffer 15: 2
>> size of buffer 16: 50
>> size of buffer 17: 50
>> size of buffer 18: 10
>> size of buffer 19: 10
>> size of buffer 20: 58
>> size of buffer 21: 22
>> size of buffer 22: 56
>> size of buffer 23: 22
>> size of buffer 24: 45
>> size of buffer 25: 57
>> size of buffer 26: 27
>> size of buffer 27: 19
>> size of buffer 28: 4
>> size of buffer 29: 1
>> size of buffer 30: 28
>> size of buffer 31: 2
>> size of buffer 32: 2
>> size of buffer 33: 23
>> size of buffer 34: 40
>> size of buffer 35: 0
>> size of buffer 36: 61
>> size of buffer 37: 1
>> size of buffer 38: 18
>> size of buffer 39: 1
>> size of buffer 40: 4
>> size of buffer 41: 44
>> size of buffer 42: 15
>> size of buffer 43: 13
>> size of buffer 44: 8
>> size of buffer 45: 37
>> size of buffer 46: 9
>> size of buffer 47: 47
>> size of buffer 48: 57
>> size of buffer 49: 7
>> size of buffer 50: 42
>> size of buffer 51: 56
>> size of buffer 52: 23
>> size of buffer 53: 53
>> size of buffer 54: 42
>> size of buffer 55: 55
>> size of buffer 56: 4
>> size of buffer 57: 7
>> size of buffer 58: 57
>> size of buffer 59: 82
>> size of buffer 60: 55
>> size of buffer 61: 55
>> size of buffer 62: 55
>> size of buffer 63: 57
>> size of buffer 0: 54
>> size of buffer 1: 3
>> size of buffer 2: 49
>> size of buffer 3: 54
>> size of buffer 4: 0
>> size of buffer 5: 65
>> size of buffer 6: 56
>> size of buffer 7: 52
>> size of buffer 8: 70
>> size of buffer 9: 55
>> size of buffer 10: 59
>> size of buffer 11: 1
>> size of buffer 12: 72
>> size of buffer 13: 57
>> size of buffer 14: 4
>> size of buffer 15: 2
>> size of buffer 16: 56
>> size of buffer 17: 59
>> size of buffer 18: 10
>> size of buffer 19: 27
>> size of buffer 20: 88
>> size of buffer 21: 36
>> size of buffer 22: 71
>> size of buffer 23: 26
>> size of buffer 24: 50
>> size of buffer 25: 57
>> size of buffer 26: 32
>> size of buffer 27: 27
>> size of buffer 28: 27
>> size of buffer 29: 1
>> size of buffer 30: 28
>> size of buffer 31: 4
>> size of buffer 32: 49
>> size of buffer 33: 23
>> size of buffer 34: 86
>> size of buffer 35: 43
>> size of buffer 36: 74
>> size of buffer 37: 1
>> size of buffer 38: 18
>> size of buffer 39: 23
>> size of buffer 40: 26
>> size of buffer 41: 47
>> size of buffer 42: 27
>> size of buffer 43: 25
>> size of buffer 44: 8
>> size of buffer 45: 37
>> size of buffer 46: 29
>> size of buffer 47: 78
>> size of buffer 48: 86
>> size of buffer 49: 25
>> size of buffer 50: 48
>> size of buffer 51: 56
>> size of buffer 52: 23
>> size of buffer 53: 53
>> size of buffer 54: 42
>> size of buffer 55: 55
>> size of buffer 56: 29
>> size of buffer 57: 7
>> size of buffer 58: 82
>> size of buffer 59: 82
>> size of buffer 60: 55
>> size of buffer 61: 89
>> size of buffer 62: 55
>> size of buffer 63: 57
>> size of buffer 0: 86
>> size of buffer 1: 19
>> size of buffer 2: 53
>> size of buffer 3: 53
>> size of buffer 4: 27
>> size of buffer 5: 92
>> size of buffer 6: 62
>> size of buffer 7: 53
>> size of buffer 8: 68
>> size of buffer 9: 54
>> size of buffer 10: 57
>> size of buffer 11: 48
>> size of buffer 12: 81
>> size of buffer 13: 58
>> size of buffer 14: 2
>> size of buffer 15: 20
>> size of buffer 16: 70
>> size of buffer 17: 60
>> size of buffer 18: 17
>> size of buffer 19: 25
>> size of buffer 20: 91
>> size of buffer 21: 34
>> size of buffer 22: 109
>> size of buffer 23: 24
>> size of buffer 24: 52
>> size of buffer 25: 86
>> size of buffer 26: 30
>> size of buffer 27: 25
>> size of buffer 28: 58
>> size of buffer 29: 0
>> size of buffer 30: 49
>> size of buffer 31: 3
>> size of buffer 32: 48
>> size of buffer 33: 71
>> size of buffer 34: 85
>> size of buffer 35: 43
>> size of buffer 36: 92
>> size of buffer 37: 0
>> size of buffer 38: 89
>> size of buffer 39: 58
>> size of buffer 40: 35
>> size of buffer 41: 47
>> size of buffer 42: 26
>> size of buffer 43: 24
>> size of buffer 44: 26
>> size of buffer 45: 41
>> size of buffer 46: 41
>> size of buffer 47: 131
>> size of buffer 48: 85
>> size of buffer 49: 64
>> size of buffer 50: 79
>> size of buffer 51: 59
>> size of buffer 52: 36
>> size of buffer 53: 58
>> size of buffer 54: 42
>> size of buffer 55: 54
>> size of buffer 56: 104
>> size of buffer 57: 21
>> size of buffer 58: 92
>> size of buffer 59: 92
>> size of buffer 60: 63
>> size of buffer 61: 88
>> size of buffer 62: 54
>> size of buffer 63: 86
>> size of buffer 0: 85
>> size of buffer 1: 16
>> size of buffer 2: 60
>> size of buffer 3: 80
>> size of buffer 4: 40
>> size of buffer 5: 106
>> size of buffer 6: 71
>> size of buffer 7: 52
>> size of buffer 8: 65
>> size of buffer 9: 53
>> size of buffer 10: 69
>> size of buffer 11: 49
>> size of buffer 12: 101
>> size of buffer 13: 55
>> size of buffer 14: 74
>> size of buffer 15: 58
>> size of buffer 16: 107
>> size of buffer 17: 71
>> size of buffer 18: 14
>> size of buffer 19: 70
>> size of buffer 20: 94
>> size of buffer 21: 46
>> size of buffer 22: 127
>> size of buffer 23: 27
>> size of buffer 24: 66
>> size of buffer 25: 100
>> size of buffer 26: 27
>> size of buffer 27: 40
>> size of buffer 28: 55
>> size of buffer 29: 22
>> size of buffer 30: 108
>> size of buffer 31: 0
>> size of buffer 32: 58
>> size of buffer 33: 77
>> size of buffer 34: 82
>> size of buffer 35: 102
>> size of buffer 36: 130
>> size of buffer 37: 40
>> size of buffer 38: 103
>> size of buffer 39: 73
>> size of buffer 40: 32
>> size of buffer 41: 44
>> size of buffer 42: 37
>> size of buffer 43: 38
>> size of buffer 44: 23
>> size of buffer 45: 68
>> size of buffer 46: 38
>> size of buffer 47: 129
>> size of buffer 48: 106
>> size of buffer 49: 61
>> size of buffer 50: 108
>> size of buffer 51: 68
>> size of buffer 52: 33
>> size of buffer 53: 59
>> size of buffer 54: 61
>> size of buffer 55: 95
>> size of buffer 56: 106
>> size of buffer 57: 31
>> size of buffer 58: 106
>> size of buffer 59: 105
>> size of buffer 60: 108
>> size of buffer 61: 87
>> size of buffer 62: 66
>> size of buffer 63: 89
>> size of buffer 0: 57
>> size of buffer 1: 19
>> size of buffer 2: 73
>> size of buffer 3: 73
>> size of buffer 4: 31
>> size of buffer 5: 100
>> size of buffer 6: 43
>> size of buffer 7: 38
>> size of buffer 8: 99
>> size of buffer 9: 51
>> size of buffer 10: 47
>> size of buffer 11: 42
>> size of buffer 12: 75
>> size of buffer 13: 63
>> size of buffer 14: 51
>> size of buffer 15: 39
>> size of buffer 16: 83
>> size of buffer 17: 43
>> size of buffer 18: 41
>> size of buffer 19: 78
>> size of buffer 20: 112
>> size of buffer 21: 27
>> size of buffer 22: 103
>> size of buffer 23: 0
>> size of buffer 24: 79
>> size of buffer 25: 74
>> size of buffer 26: 49
>> size of buffer 27: 23
>> size of buffer 28: 100
>> size of buffer 29: 78
>> size of buffer 30: 98
>> size of buffer 31: 38
>> size of buffer 32: 42
>> size of buffer 33: 60
>> size of buffer 34: 66
>> size of buffer 35: 97
>> size of buffer 36: 102
>> size of buffer 37: 18
>> size of buffer 38: 76
>> size of buffer 39: 89
>> size of buffer 40: 12
>> size of buffer 41: 42
>> size of buffer 42: 18
>> size of buffer 43: 15
>> size of buffer 44: 18
>> size of buffer 45: 64
>> size of buffer 46: 18
>> size of buffer 47: 103
>> size of buffer 48: 117
>> size of buffer 49: 33
>> size of buffer 50: 98
>> size of buffer 51: 70
>> size of buffer 52: 21
>> size of buffer 53: 60
>> size of buffer 54: 33
>> size of buffer 55: 73
>> size of buffer 56: 104
>> size of buffer 57: 15
>> size of buffer 58: 84
>> size of buffer 59: 101
>> size of buffer 60: 99
>> size of buffer 61: 81
>> size of buffer 62: 72
>> size of buffer 63: 73
>> size of buffer 0: 64
>> size of buffer 1: 53
>> size of buffer 2: 75
>> size of buffer 3: 88
>> size of buffer 4: 71
>> size of buffer 5: 97
>> size of buffer 6: 56
>> size of buffer 7: 53
>> size of buffer 8: 91
>> size of buffer 9: 36
>> size of buffer 10: 34
>> size of buffer 11: 57
>> size of buffer 12: 65
>> size of buffer 13: 58
>> size of buffer 14: 69
>> size of buffer 15: 43
>> size of buffer 16: 85
>> size of buffer 17: 35
>> size of buffer 18: 51
>> size of buffer 19: 86
>> size of buffer 20: 120
>> size of buffer 21: 65
>> size of buffer 22: 89
>> size of buffer 23: 50
>> size of buffer 24: 85
>> size of buffer 25: 58
>> size of buffer 26: 43
>> size of buffer 27: 14
>> size of buffer 28: 85
>> size of buffer 29: 65
>> size of buffer 30: 98
>> size of buffer 31: 54
>> size of buffer 32: 26
>> size of buffer 33: 63
>> size of buffer 34: 53
>> size of buffer 35: 85
>> size of buffer 36: 127
>> size of buffer 37: 60
>> size of buffer 38: 82
>> size of buffer 39: 85
>> size of buffer 40: 28
>> size of buffer 41: 57
>> size of buffer 42: 29
>> size of buffer 43: 45
>> size of buffer 44: 7
>> size of buffer 45: 63
>> size of buffer 46: 80
>> size of buffer 47: 110
>> size of buffer 48: 109
>> size of buffer 49: 23
>> size of buffer 50: 98
>> size of buffer 51: 61
>> size of buffer 52: 85
>> size of buffer 53: 62
>> size of buffer 54: 54
>> size of buffer 55: 62
>> size of buffer 56: 89
>> size of buffer 57: 0
>> size of buffer 58: 126
>> size of buffer 59: 118
>> size of buffer 60: 84
>> size of buffer 61: 67
>> size of buffer 62: 58
>> size of buffer 63: 66
>> size of buffer 0: 81
>> size of buffer 1: 82
>> size of buffer 2: 106
>> size of buffer 3: 135
>> size of buffer 4: 85
>> size of buffer 5: 118
>> size of buffer 6: 78
>> size of buffer 7: 58
>> size of buffer 8: 133
>> size of buffer 9: 56
>> size of buffer 10: 41
>> size of buffer 11: 62
>> size of buffer 12: 80
>> size of buffer 13: 94
>> size of buffer 14: 83
>> size of buffer 15: 58
>> size of buffer 16: 99
>> size of buffer 17: 61
>> size of buffer 18: 64
>> size of buffer 19: 98
>> size of buffer 20: 141
>> size of buffer 21: 93
>> size of buffer 22: 103
>> size of buffer 23: 48
>> size of buffer 24: 116
>> size of buffer 25: 61
>> size of buffer 26: 63
>> size of buffer 27: 63
>> size of buffer 28: 97
>> size of buffer 29: 83
>> size of buffer 30: 124
>> size of buffer 31: 79
>> size of buffer 32: 60
>> size of buffer 33: 80
>> size of buffer 34: 81
>> size of buffer 35: 87
>> size of buffer 36: 147
>> size of buffer 37: 77
>> size of buffer 38: 82
>> size of buffer 39: 99
>> size of buffer 40: 84
>> size of buffer 41: 94
>> size of buffer 42: 63
>> size of buffer 43: 48
>> size of buffer 44: 48
>> size of buffer 45: 64
>> size of buffer 46: 89
>> size of buffer 47: 115
>> size of buffer 48: 140
>> size of buffer 49: 64
>> size of buffer 50: 117
>> size of buffer 51: 60
>> size of buffer 52: 100
>> size of buffer 53: 71
>> size of buffer 54: 57
>> size of buffer 55: 80
>> size of buffer 56: 99
>> size of buffer 57: 0
>> size of buffer 58: 128
>> size of buffer 59: 140
>> size of buffer 60: 115
>> size of buffer 61: 84
>> size of buffer 62: 69
>> size of buffer 63: 66
>> size of buffer 0: 40
>> size of buffer 1: 35
>> size of buffer 2: 87
>> size of buffer 3: 81
>> size of buffer 4: 28
>> size of buffer 5: 69
>> size of buffer 6: 62
>> size of buffer 7: 26
>> size of buffer 8: 81
>> size of buffer 9: 21
>> size of buffer 10: 19
>> size of buffer 11: 25
>> size of buffer 12: 25
>> size of buffer 13: 69
>> size of buffer 14: 47
>> size of buffer 15: 3
>> size of buffer 16: 56
>> size of buffer 17: 7
>> size of buffer 18: 8
>> size of buffer 19: 54
>> size of buffer 20: 90
>> size of buffer 21: 44
>> size of buffer 22: 113
>> size of buffer 23: 1
>> size of buffer 24: 66
>> size of buffer 25: 39
>> size of buffer 26: 36
>> size of buffer 27: 27
>> size of buffer 28: 50
>> size of buffer 29: 35
>> size of buffer 30: 72
>> size of buffer 31: 21
>> size of buffer 32: 25
>> size of buffer 33: 39
>> size of buffer 34: 31
>> size of buffer 35: 36
>> size of buffer 36: 122
>> size of buffer 37: 27
>> size of buffer 38: 41
>> size of buffer 39: 41
>> size of buffer 40: 36
>> size of buffer 41: 37
>> size of buffer 42: 6
>> size of buffer 43: 6
>> size of buffer 44: 2
>> size of buffer 45: 24
>> size of buffer 46: 57
>> size of buffer 47: 67
>> size of buffer 48: 89
>> size of buffer 49: 36
>> size of buffer 50: 80
>> size of buffer 51: 1
>> size of buffer 52: 46
>> size of buffer 53: 38
>> size of buffer 54: 36
>> size of buffer 55: 54
>> size of buffer 56: 58
>> size of buffer 57: 0
>> size of buffer 58: 109
>> size of buffer 59: 100
>> size of buffer 60: 63
>> size of buffer 61: 40
>> size of buffer 62: 28
>> size of buffer 63: 28
>> size of buffer 0: 45
>> size of buffer 1: 38
>> size of buffer 2: 108
>> size of buffer 3: 71
>> size of buffer 4: 23
>> size of buffer 5: 69
>> size of buffer 6: 65
>> size of buffer 7: 52
>> size of buffer 8: 103
>> size of buffer 9: 24
>> size of buffer 10: 43
>> size of buffer 11: 15
>> size of buffer 12: 39
>> size of buffer 13: 60
>> size of buffer 14: 41
>> size of buffer 15: 21
>> size of buffer 16: 72
>> size of buffer 17: 55
>> size of buffer 18: 9
>> size of buffer 19: 44
>> size of buffer 20: 129
>> size of buffer 21: 37
>> size of buffer 22: 109
>> size of buffer 23: 13
>> size of buffer 24: 64
>> size of buffer 25: 26
>> size of buffer 26: 25
>> size of buffer 27: 50
>> size of buffer 28: 51
>> size of buffer 29: 27
>> size of buffer 30: 90
>> size of buffer 31: 25
>> size of buffer 32: 41
>> size of buffer 33: 40
>> size of buffer 34: 29
>> size of buffer 35: 26
>> size of buffer 36: 131
>> size of buffer 37: 31
>> size of buffer 38: 75
>> size of buffer 39: 86
>> size of buffer 40: 26
>> size of buffer 41: 39
>> size of buffer 42: 43
>> size of buffer 43: 41
>> size of buffer 44: 34
>> size of buffer 45: 12
>> size of buffer 46: 60
>> size of buffer 47: 72
>> size of buffer 48: 129
>> size of buffer 49: 23
>> size of buffer 50: 70
>> size of buffer 51: 45
>> size of buffer 52: 64
>> size of buffer 53: 56
>> size of buffer 54: 48
>> size of buffer 55: 42
>> size of buffer 56: 91
>> size of buffer 57: 0
>> size of buffer 58: 116
>> size of buffer 59: 126
>> size of buffer 60: 57
>> size of buffer 61: 52
>> size of buffer 62: 27
>> size of buffer 63: 61
>> size of buffer 0: 33
>> size of buffer 1: 59
>> size of buffer 2: 169
>> size of buffer 3: 99
>> size of buffer 4: 26
>> size of buffer 5: 46
>> size of buffer 6: 46
>> size of buffer 7: 47
>> size of buffer 8: 105
>> size of buffer 9: 48
>> size of buffer 10: 27
>> size of buffer 11: 3
>> size of buffer 12: 31
>> size of buffer 13: 45
>> size of buffer 14: 28
>> size of buffer 15: 0
>> size of buffer 16: 91
>> size of buffer 17: 63
>> size of buffer 18: 16
>> size of buffer 19: 51
>> size of buffer 20: 123
>> size of buffer 21: 44
>> size of buffer 22: 101
>> size of buffer 23: 19
>> size of buffer 24: 70
>> size of buffer 25: 14
>> size of buffer 26: 7
>> size of buffer 27: 62
>> size of buffer 28: 55
>> size of buffer 29: 27
>> size of buffer 30: 102
>> size of buffer 31: 20
>> size of buffer 32: 47
>> size of buffer 33: 27
>> size of buffer 34: 27
>> size of buffer 35: 24
>> size of buffer 36: 161
>> size of buffer 37: 15
>> size of buffer 38: 76
>> size of buffer 39: 72
>> size of buffer 40: 21
>> size of buffer 41: 35
>> size of buffer 42: 34
>> size of buffer 43: 26
>> size of buffer 44: 59
>> size of buffer 45: 55
>> size of buffer 46: 41
>> size of buffer 47: 79
>> size of buffer 48: 140
>> size of buffer 49: 32
>> size of buffer 50: 69
>> size of buffer 51: 55
>> size of buffer 52: 48
>> size of buffer 53: 70
>> size of buffer 54: 77
>> size of buffer 55: 82
>> size of buffer 56: 69
>> size of buffer 57: 46
>> size of buffer 58: 186
>> size of buffer 59: 163
>> size of buffer 60: 63
>> size of buffer 61: 48
>> size of buffer 62: 19
>> size of buffer 63: 83
>> size of buffer 0: 19
>> size of buffer 1: 36
>> size of buffer 2: 189
>> size of buffer 3: 143
>> size of buffer 4: 137
>> size of buffer 5: 87
>> size of buffer 6: 18
>> size of buffer 7: 12
>> size of buffer 8: 109
>> size of buffer 9: 24
>> size of buffer 10: 24
>> size of buffer 11: 18
>> size of buffer 12: 47
>> size of buffer 13: 40
>> size of buffer 14: 3
>> size of buffer 15: 5
>> size of buffer 16: 72
>> size of buffer 17: 45
>> size of buffer 18: 47
>> size of buffer 19: 39
>> size of buffer 20: 102
>> size of buffer 21: 69
>> size of buffer 22: 111
>> size of buffer 23: 2
>> size of buffer 24: 70
>> size of buffer 25: 5
>> size of buffer 26: 11
>> size of buffer 27: 40
>> size of buffer 28: 30
>> size of buffer 29: 4
>> size of buffer 30: 167
>> size of buffer 31: 1
>> size of buffer 32: 49
>> size of buffer 33: 8
>> size of buffer 34: 0
>> size of buffer 35: 40
>> size of buffer 36: 202
>> size of buffer 37: 26
>> size of buffer 38: 69
>> size of buffer 39: 48
>> size of buffer 40: 54
>> size of buffer 41: 37
>> size of buffer 42: 31
>> size of buffer 43: 24
>> size of buffer 44: 44
>> size of buffer 45: 27
>> size of buffer 46: 28
>> size of buffer 47: 75
>> size of buffer 48: 187
>> size of buffer 49: 3
>> size of buffer 50: 49
>> size of buffer 51: 43
>> size of buffer 52: 40
>> size of buffer 53: 50
>> size of buffer 54: 68
>> size of buffer 55: 70
>> size of buffer 56: 159
>> size of buffer 57: 110
>> size of buffer 58: 213
>> size of buffer 59: 174
>> size of buffer 60: 28
>> size of buffer 61: 38
>> size of buffer 62: 25
>> size of buffer 63: 138
>> size of buffer 0: 112
>> size of buffer 1: 154
>> size of buffer 2: 253
>> size of buffer 3: 211
>> size of buffer 4: 163
>> size of buffer 5: 116
>> size of buffer 6: 35
>> size of buffer 7: 35
>> size of buffer 8: 184
>> size of buffer 9: 105
>> size of buffer 10: 99
>> size of buffer 11: 68
>> size of buffer 12: 98
>> size of buffer 13: 98
>> size of buffer 14: 8
>> size of buffer 15: 23
>> size of buffer 16: 79
>> size of buffer 17: 64
>> size of buffer 18: 90
>> size of buffer 19: 60
>> size of buffer 20: 215
>> size of buffer 21: 69
>> size of buffer 22: 192
>> size of buffer 23: 73
>> size of buffer 24: 162
>> size of buffer 25: 35
>> size of buffer 26: 53
>> size of buffer 27: 132
>> size of buffer 28: 95
>> size of buffer 29: 145
>> size of buffer 30: 261
>> size of buffer 31: 0
>> size of buffer 32: 60
>> size of buffer 33: 59
>> size of buffer 34: 94
>> size of buffer 35: 101
>> size of buffer 36: 270
>> size of buffer 37: 14
>> size of buffer 38: 93
>> size of buffer 39: 120
>> size of buffer 40: 163
>> size of buffer 41: 164
>> size of buffer 42: 76
>> size of buffer 43: 49
>> size of buffer 44: 76
>> size of buffer 45: 16
>> size of buffer 46: 143
>> size of buffer 47: 188
>> size of buffer 48: 260
>> size of buffer 49: 24
>> size of buffer 50: 83
>> size of buffer 51: 103
>> size of buffer 52: 87
>> size of buffer 53: 94
>> size of buffer 54: 60
>> size of buffer 55: 105
>> size of buffer 56: 208
>> size of buffer 57: 218
>> size of buffer 58: 298
>> size of buffer 59: 272
>> size of buffer 60: 95
>> size of buffer 61: 14
>> size of buffer 62: 123
>> size of buffer 63: 244
>> size of buffer 0: 105
>> size of buffer 1: 214
>> size of buffer 2: 228
>> size of buffer 3: 265
>> size of buffer 4: 162
>> size of buffer 5: 197
>> size of buffer 6: 44
>> size of buffer 7: 10
>> size of buffer 8: 183
>> size of buffer 9: 54
>> size of buffer 10: 211
>> size of buffer 11: 27
>> size of buffer 12: 39
>> size of buffer 13: 98
>> size of buffer 14: 36
>> size of buffer 15: 20
>> size of buffer 16: 23
>> size of buffer 17: 70
>> size of buffer 18: 90
>> size of buffer 19: 44
>> size of buffer 20: 266
>> size of buffer 21: 94
>> size of buffer 22: 153
>> size of buffer 23: 131
>> size of buffer 24: 138
>> size of buffer 25: 65
>> size of buffer 26: 152
>> size of buffer 27: 180
>> size of buffer 28: 52
>> size of buffer 29: 171
>> size of buffer 30: 269
>> size of buffer 31: 36
>> size of buffer 32: 97
>> size of buffer 33: 121
>> size of buffer 34: 100
>> size of buffer 35: 49
>> size of buffer 36: 294
>> size of buffer 37: 60
>> size of buffer 38: 156
>> size of buffer 39: 193
>> size of buffer 40: 132
>> size of buffer 41: 160
>> size of buffer 42: 110
>> size of buffer 43: 0
>> size of buffer 44: 51
>> size of buffer 45: 39
>> size of buffer 46: 189
>> size of buffer 47: 171
>> size of buffer 48: 357
>> size of buffer 49: 35
>> size of buffer 50: 134
>> size of buffer 51: 38
>> size of buffer 52: 155
>> size of buffer 53: 104
>> size of buffer 54: 116
>> size of buffer 55: 69
>> size of buffer 56: 241
>> size of buffer 57: 186
>> size of buffer 58: 296
>> size of buffer 59: 264
>> size of buffer 60: 144
>> size of buffer 61: 22
>> size of buffer 62: 147
>> size of buffer 63: 196
>> size of buffer 0: 154
>> size of buffer 1: 262
>> size of buffer 2: 288
>> size of buffer 3: 318
>> size of buffer 4: 245
>> size of buffer 5: 259
>> size of buffer 6: 26
>> size of buffer 7: 33
>> size of buffer 8: 127
>> size of buffer 9: 58
>> size of buffer 10: 309
>> size of buffer 11: 165
>> size of buffer 12: 161
>> size of buffer 13: 215
>> size of buffer 14: 201
>> size of buffer 15: 216
>> size of buffer 16: 12
>> size of buffer 17: 126
>> size of buffer 18: 74
>> size of buffer 19: 96
>> size of buffer 20: 305
>> size of buffer 21: 105
>> size of buffer 22: 302
>> size of buffer 23: 97
>> size of buffer 24: 195
>> size of buffer 25: 109
>> size of buffer 26: 133
>> size of buffer 27: 288
>> size of buffer 28: 0
>> size of buffer 29: 105
>> size of buffer 30: 284
>> size of buffer 31: 87
>> size of buffer 32: 214
>> size of buffer 33: 72
>> size of buffer 34: 198
>> size of buffer 35: 40
>> size of buffer 36: 366
>> size of buffer 37: 33
>> size of buffer 38: 119
>> size of buffer 39: 280
>> size of buffer 40: 93
>> size of buffer 41: 252
>> size of buffer 42: 235
>> size of buffer 43: 38
>> size of buffer 44: 150
>> size of buffer 45: 166
>> size of buffer 46: 267
>> size of buffer 47: 201
>> size of buffer 48: 415
>> size of buffer 49: 127
>> size of buffer 50: 223
>> size of buffer 51: 195
>> size of buffer 52: 82
>> size of buffer 53: 72
>> size of buffer 54: 292
>> size of buffer 55: 206
>> size of buffer 56: 287
>> size of buffer 57: 213
>> size of buffer 58: 368
>> size of buffer 59: 419
>> size of buffer 60: 254
>> size of buffer 61: 236
>> size of buffer 62: 169
>> size of buffer 63: 251
>> size of buffer 0: 19
>> size of buffer 1: 240
>> size of buffer 2: 386
>> size of buffer 3: 228
>> size of buffer 4: 120
>> size of buffer 5: 164
>> size of buffer 6: 28
>> size of buffer 7: 48
>> size of buffer 8: 153
>> size of buffer 9: 145
>> size of buffer 10: 265
>> size of buffer 11: 161
>> size of buffer 12: 18
>> size of buffer 13: 220
>> size of buffer 14: 103
>> size of buffer 15: 130
>> size of buffer 16: 30
>> size of buffer 17: 76
>> size of buffer 18: 45
>> size of buffer 19: 61
>> size of buffer 20: 314
>> size of buffer 21: 40
>> size of buffer 22: 133
>> size of buffer 23: 55
>> size of buffer 24: 169
>> size of buffer 25: 63
>> size of buffer 26: 0
>> size of buffer 27: 350
>> size of buffer 28: 124
>> size of buffer 29: 47
>> size of buffer 30: 333
>> size of buffer 31: 61
>> size of buffer 32: 115
>> size of buffer 33: 38
>> size of buffer 34: 157
>> size of buffer 35: 83
>> size of buffer 36: 367
>> size of buffer 37: 79
>> size of buffer 38: 169
>> size of buffer 39: 179
>> size of buffer 40: 51
>> size of buffer 41: 187
>> size of buffer 42: 142
>> size of buffer 43: 28
>> size of buffer 44: 137
>> size of buffer 45: 93
>> size of buffer 46: 153
>> size of buffer 47: 263
>> size of buffer 48: 413
>> size of buffer 49: 49
>> size of buffer 50: 261
>> size of buffer 51: 156
>> size of buffer 52: 114
>> size of buffer 53: 31
>> size of buffer 54: 257
>> size of buffer 55: 82
>> size of buffer 56: 193
>> size of buffer 57: 167
>> size of buffer 58: 426
>> size of buffer 59: 485
>> size of buffer 60: 100
>> size of buffer 61: 286
>> size of buffer 62: 76
>> size of buffer 63: 333
>> size of buffer 0: 65
>> size of buffer 1: 257
>> size of buffer 2: 405
>> size of buffer 3: 142
>> size of buffer 4: 144
>> size of buffer 5: 127
>> size of buffer 6: 0
>> size of buffer 7: 98
>> size of buffer 8: 128
>> size of buffer 9: 83
>> size of buffer 10: 224
>> size of buffer 11: 123
>> size of buffer 12: 79
>> size of buffer 13: 224
>> size of buffer 14: 83
>> size of buffer 15: 56
>> size of buffer 16: 96
>> size of buffer 17: 103
>> size of buffer 18: 109
>> size of buffer 19: 98
>> size of buffer 20: 433
>> size of buffer 21: 54
>> size of buffer 22: 61
>> size of buffer 23: 97
>> size of buffer 24: 116
>> size of buffer 25: 97
>> size of buffer 26: 72
>> size of buffer 27: 457
>> size of buffer 28: 88
>> size of buffer 29: 75
>> size of buffer 30: 383
>> size of buffer 31: 96
>> size of buffer 32: 111
>> size of buffer 33: 45
>> size of buffer 34: 136
>> size of buffer 35: 94
>> size of buffer 36: 405
>> size of buffer 37: 35
>> size of buffer 38: 92
>> size of buffer 39: 133
>> size of buffer 40: 5
>> size of buffer 41: 101
>> size of buffer 42: 70
>> size of buffer 43: 57
>> size of buffer 44: 87
>> size of buffer 45: 47
>> size of buffer 46: 120
>> size of buffer 47: 197
>> size of buffer 48: 544
>> size of buffer 49: 94
>> size of buffer 50: 167
>> size of buffer 51: 99
>> size of buffer 52: 15
>> size of buffer 53: 65
>> size of buffer 54: 272
>> size of buffer 55: 104
>> size of buffer 56: 217
>> size of buffer 57: 142
>> size of buffer 58: 499
>> size of buffer 59: 548
>> size of buffer 60: 61
>> size of buffer 61: 194
>> size of buffer 62: 93
>> size of buffer 63: 397
>> size of buffer 0: 124
>> size of buffer 1: 142
>> size of buffer 2: 215
>> size of buffer 3: 72
>> size of buffer 4: 65
>> size of buffer 5: 56
>> size of buffer 6: 122
>> size of buffer 7: 67
>> size of buffer 8: 69
>> size of buffer 9: 39
>> size of buffer 10: 109
>> size of buffer 11: 104
>> size of buffer 12: 75
>> size of buffer 13: 85
>> size of buffer 14: 110
>> size of buffer 15: 106
>> size of buffer 16: 67
>> size of buffer 17: 73
>> size of buffer 18: 140
>> size of buffer 19: 72
>> size of buffer 20: 371
>> size of buffer 21: 112
>> size of buffer 22: 88
>> size of buffer 23: 127
>> size of buffer 24: 143
>> size of buffer 25: 43
>> size of buffer 26: 52
>> size of buffer 27: 365
>> size of buffer 28: 85
>> size of buffer 29: 127
>> size of buffer 30: 237
>> size of buffer 31: 107
>> size of buffer 32: 101
>> size of buffer 33: 87
>> size of buffer 34: 83
>> size of buffer 35: 130
>> size of buffer 36: 459
>> size of buffer 37: 96
>> size of buffer 38: 62
>> size of buffer 39: 91
>> size of buffer 40: 98
>> size of buffer 41: 107
>> size of buffer 42: 118
>> size of buffer 43: 101
>> size of buffer 44: 88
>> size of buffer 45: 74
>> size of buffer 46: 87
>> size of buffer 47: 159
>> size of buffer 48: 579
>> size of buffer 49: 101
>> size of buffer 50: 0
>> size of buffer 51: 144
>> size of buffer 52: 59
>> size of buffer 53: 144
>> size of buffer 54: 87
>> size of buffer 55: 98
>> size of buffer 56: 65
>> size of buffer 57: 125
>> size of buffer 58: 367
>> size of buffer 59: 472
>> size of buffer 60: 93
>> size of buffer 61: 147
>> size of buffer 62: 45
>> size of buffer 63: 183
>> size of buffer 0: 187
>> size of buffer 1: 275
>> size of buffer 2: 267
>> size of buffer 3: 209
>> size of buffer 4: 276
>> size of buffer 5: 147
>> size of buffer 6: 126
>> size of buffer 7: 163
>> size of buffer 8: 181
>> size of buffer 9: 228
>> size of buffer 10: 185
>> size of buffer 11: 53
>> size of buffer 12: 214
>> size of buffer 13: 108
>> size of buffer 14: 119
>> size of buffer 15: 187
>> size of buffer 16: 128
>> size of buffer 17: 237
>> size of buffer 18: 174
>> size of buffer 19: 131
>> size of buffer 20: 352
>> size of buffer 21: 188
>> size of buffer 22: 161
>> size of buffer 23: 139
>> size of buffer 24: 139
>> size of buffer 25: 204
>> size of buffer 26: 167
>> size of buffer 27: 282
>> size of buffer 28: 157
>> size of buffer 29: 211
>> size of buffer 30: 260
>> size of buffer 31: 150
>> size of buffer 32: 80
>> size of buffer 33: 152
>> size of buffer 34: 124
>> size of buffer 35: 232
>> size of buffer 36: 502
>> size of buffer 37: 234
>> size of buffer 38: 173
>> size of buffer 39: 106
>> size of buffer 40: 153
>> size of buffer 41: 67
>> size of buffer 42: 173
>> size of buffer 43: 159
>> size of buffer 44: 132
>> size of buffer 45: 298
>> size of buffer 46: 170
>> size of buffer 47: 154
>> size of buffer 48: 583
>> size of buffer 49: 221
>> size of buffer 50: 179
>> size of buffer 51: 246
>> size of buffer 52: 155
>> size of buffer 53: 139
>> size of buffer 54: 125
>> size of buffer 55: 235
>> size of buffer 56: 212
>> size of buffer 57: 202
>> size of buffer 58: 513
>> size of buffer 59: 593
>> size of buffer 60: 208
>> size of buffer 61: 125
>> size of buffer 62: 120
>> size of buffer 63: 326
>>> add_off_tree_edges: 3543001 us
Using time : 9349.590000 ms
